<?xml version="1.0" encoding="UTF-8"?>
<!-- Generated by org.testng.reporters.JUnitXMLReporter -->
<testsuite ignored="0" hostname="C02YT7P1LVDL" failures="0" tests="10" name="Smoke Tests" time="105.251" errors="0" timestamp="2023-06-13T14:29:55 BST">
  <testcase classname="runners.BaseRunner" name="runParallelScenario" time="80.756"/>
  <testcase classname="runners.BaseRunner" name="runParallelScenario" time="80.866"/>
  <testcase classname="runners.BaseRunner" name="runParallelScenario" time="83.294"/>
  <testcase classname="runners.BaseRunner" name="runParallelScenario" time="83.81"/>
  <testcase classname="runners.BaseRunner" name="runParallelScenario" time="84.975"/>
  <testcase classname="runners.BaseRunner" name="runParallelScenario" time="89.38"/>
  <testcase classname="runners.BaseRunner" name="runParallelScenario" time="98.177"/>
  <testcase classname="runners.BaseRunner" name="runParallelScenario" time="101.865"/>
  <testcase classname="runners.BaseRunner" name="runParallelScenario" time="104.064"/>
  <testcase classname="runners.BaseRunner" name="runParallelScenario" time="105.188"/>
</testsuite> <!-- Smoke Tests -->
