<?xml version="1.0" encoding="UTF-8"?>
<testsuite xmlns:xsi="http://www.w3.org/2001/XMLSchema-instance" xsi:noNamespaceSchemaLocation="https://maven.apache.org/surefire/maven-surefire-plugin/xsd/surefire-test-report-3.0.xsd" version="3.0" name="TestSuite" time="106.795" tests="10" errors="0" skipped="0" failures="0">
  <properties>
[...]
</properties>
  <testcase name="runParallelScenario[&quot;Simple happy path for adult applications to apply for a first time passport with a paper referee Exception journey8&quot;, &quot;Optional[Customer Journey Transformation Smoke Tests]&quot;](1)" classname="runners.RunSmokeTest" time="80.75">
    <system-out><![CDATA[[WARN] [TestNG-tests-1] 2023-06-13 14:28:10 - The test method 'io.cucumber.testng.AbstractTestNGCucumberTests.runScenario' will be skipped since its data provider 'scenarios' returned an empty array or iterator. 

@SMK5 @smoke
Scenario Outline: Simple happy path for adult applications to apply for a first time passport with a paper referee Exception journey5 &amp#27;[90m# src/test/resources/features/specifications/smoke/customer_journey_transformation_smoke.feature:68&amp#27;[0m

@SMK4 @smoke
Scenario Outline: Simple happy path for adult applications to apply for a first time passport with a paper referee Exception journey4 &amp#27;[90m# src/test/resources/features/specifications/smoke/customer_journey_transformation_smoke.feature:55&amp#27;[0m

@SMK7 @smoke
Scenario Outline: Simple happy path for adult applications to apply for a first time passport with a paper referee Exception journey7 &amp#27;[90m# src/test/resources/features/specifications/smoke/customer_journey_transformation_smoke.feature:94&amp#27;[0m

@SMK1 @smoke
Scenario Outline: Simple happy path for adult applications to apply for a first time passport with a paper referee Exception journey1 &amp#27;[90m# src/test/resources/features/specifications/smoke/customer_journey_transformation_smoke.feature:16&amp#27;[0m

@SMK2 @smoke
Scenario Outline: Simple happy path for adult applications to apply for a first time passport with a paper referee Exception journey2 &amp#27;[90m# src/test/resources/features/specifications/smoke/customer_journey_transformation_smoke.feature:29&amp#27;[0m

@SMK10 @smoke
Scenario Outline: Simple happy path for adult applications to apply for a first time passport with a paper referee Exception journey10 &amp#27;[90m# src/test/resources/features/specifications/smoke/customer_journey_transformation_smoke.feature:133&amp#27;[0m

@SMK6 @smoke
Scenario Outline: Simple happy path for adult applications to apply for a first time passport with a paper referee Exception journey6 &amp#27;[90m# src/test/resources/features/specifications/smoke/customer_journey_transformation_smoke.feature:81&amp#27;[0m

@SMK8 @smoke
Scenario Outline: Simple happy path for adult applications to apply for a first time passport with a paper referee Exception journey8 &amp#27;[90m# src/test/resources/features/specifications/smoke/customer_journey_transformation_smoke.feature:107&amp#27;[0m

@SMK9 @smoke
Scenario Outline: Simple happy path for adult applications to apply for a first time passport with a paper referee Exception journey9 &amp#27;[90m# src/test/resources/features/specifications/smoke/customer_journey_transformation_smoke.feature:120&amp#27;[0m

@SMK3 @smoke
Scenario Outline: Simple happy path for adult applications to apply for a first time passport with a paper referee Exception journey3 &amp#27;[90m# src/test/resources/features/specifications/smoke/customer_journey_transformation_smoke.feature:42&amp#27;[0m
[INFO] [TestNG-PoolService-4] 2023-06-13 14:28:10 - Driver needs to be created, creating one...
[INFO] [TestNG-PoolService-0] 2023-06-13 14:28:10 - Driver needs to be created, creating one...
[INFO] [TestNG-PoolService-9] 2023-06-13 14:28:10 - Driver needs to be created, creating one...
[INFO] [TestNG-PoolService-2] 2023-06-13 14:28:10 - Driver needs to be created, creating one...
[INFO] [TestNG-PoolService-3] 2023-06-13 14:28:10 - Driver needs to be created, creating one...
[INFO] [TestNG-PoolService-8] 2023-06-13 14:28:10 - Driver needs to be created, creating one...
[INFO] [TestNG-PoolService-1] 2023-06-13 14:28:10 - Driver needs to be created, creating one...
[INFO] [TestNG-PoolService-7] 2023-06-13 14:28:10 - Driver needs to be created, creating one...
[INFO] [TestNG-PoolService-6] 2023-06-13 14:28:10 - Driver needs to be created, creating one...
[INFO] [TestNG-PoolService-5] 2023-06-13 14:28:10 - Driver needs to be created, creating one...
[INFO] [TestNG-PoolService-9] 2023-06-13 14:28:10 - Browser type: ChromeRemote has been set in the Driver Factory on thread TestNG-PoolService-9
[INFO] [TestNG-PoolService-6] 2023-06-13 14:28:10 - Browser type: ChromeRemote has been set in the Driver Factory on thread TestNG-PoolService-6
[INFO] [TestNG-PoolService-7] 2023-06-13 14:28:10 - Browser type: ChromeRemote has been set in the Driver Factory on thread TestNG-PoolService-7
[INFO] [TestNG-PoolService-8] 2023-06-13 14:28:10 - Browser type: ChromeRemote has been set in the Driver Factory on thread TestNG-PoolService-8
[INFO] [TestNG-PoolService-1] 2023-06-13 14:28:10 - Browser type: ChromeRemote has been set in the Driver Factory on thread TestNG-PoolService-1
[INFO] [TestNG-PoolService-3] 2023-06-13 14:28:10 - Browser type: ChromeRemote has been set in the Driver Factory on thread TestNG-PoolService-3
[INFO] [TestNG-PoolService-5] 2023-06-13 14:28:10 - Browser type: ChromeRemote has been set in the Driver Factory on thread TestNG-PoolService-5
[INFO] [TestNG-PoolService-0] 2023-06-13 14:28:10 - Browser type: ChromeRemote has been set in the Driver Factory on thread TestNG-PoolService-0
[INFO] [TestNG-PoolService-2] 2023-06-13 14:28:10 - Browser type: ChromeRemote has been set in the Driver Factory on thread TestNG-PoolService-2
[INFO] [TestNG-PoolService-4] 2023-06-13 14:28:10 - Browser type: ChromeRemote has been set in the Driver Factory on thread TestNG-PoolService-4
[INFO] [TestNG-PoolService-5] 2023-06-13 14:28:17 - Applicant Date of Birth: 1947-06-13
[INFO] [TestNG-PoolService-5] 2023-06-13 14:28:17 - Adult Applicant Title Type: [Mr]
[INFO] [TestNG-PoolService-5] 2023-06-13 14:28:17 - Applicant Gender: F
[INFO] [TestNG-PoolService-5] 2023-06-13 14:28:17 - Applicant Name Change Reason Type: [GenderReassignment]
[INFO] [TestNG-PoolService-5] 2023-06-13 14:28:17 - INVALID EMAIL ID: [pex12@live.co.ukcel]
[INFO] [TestNG-PoolService-5] 2023-06-13 14:28:17 - Applicant Passport Size: Standard
[INFO] [TestNG-PoolService-5] 2023-06-13 14:28:17 - Applicant Delivery Type: Standard
[INFO] [TestNG-PoolService-5] 2023-06-13 14:28:17 - APPLICANT DESIRES EMAIL UPDATES: [yes]
[INFO] [TestNG-PoolService-5] 2023-06-13 14:28:17 - APPLICANT DESIRES TEXT UPDATES: [yes]
[INFO] [TestNG-PoolService-5] 2023-06-13 14:28:17 - Applicant Date of Birth: 1963-06-13
[INFO] [TestNG-PoolService-5] 2023-06-13 14:28:17 - Applicant Date of Birth: 1944-06-13
[INFO] [TestNG-PoolService-5] 2023-06-13 14:28:17 - Applicant Date of Birth: 2005-06-13
[INFO] [TestNG-PoolService-5] 2023-06-13 14:28:17 - Applicant Date of Birth: 1910-09-02
[INFO] [TestNG-PoolService-5] 2023-06-13 14:28:17 - Applicant Date of Birth: 1925-09-02
[INFO] [TestNG-PoolService-5] 2023-06-13 14:28:17 - Applicant Date of Birth: 1925-09-02
[INFO] [TestNG-PoolService-5] 2023-06-13 14:28:17 - Applicant Date of Birth: 1919-09-02
[INFO] [TestNG-PoolService-5] 2023-06-13 14:28:17 - Applicant existing passport issue date: [2013-09-13]
[INFO] [TestNG-PoolService-5] 2023-06-13 14:28:17 - Applicant existing passport expiry date: [2023-09-13]
[INFO] [TestNG-PoolService-5] 2023-06-13 14:28:17 - existingPassportNumber PASSPORT NUMBER: 316811983
[INFO] [TestNG-PoolService-5] 2023-06-13 14:28:17 - parentOnePassportNumber PASSPORT NUMBER: 388131844
[INFO] [TestNG-PoolService-5] 2023-06-13 14:28:17 - parentTwoPassportNumber PASSPORT NUMBER: 375323579
  &amp#27;[32mGiven &amp#27;[0m&amp#27;[32man applicant of type &amp#27;[0m&amp#27;[32m&amp#27;[1madult United Kingdom first time&amp#27;[0m                                                                          &amp#27;[90m# step_definitions.specifications.SpecificationsStepDefinitions.anApplicant(java.lang.String)&amp#27;[0m
[INFO] [TestNG-PoolService-8] 2023-06-13 14:28:17 - Applicant Date of Birth: 1995-06-13
[INFO] [TestNG-PoolService-8] 2023-06-13 14:28:17 - Adult Applicant Title Type: [Other]
[INFO] [TestNG-PoolService-8] 2023-06-13 14:28:17 - Applicant Gender: M
[INFO] [TestNG-PoolService-8] 2023-06-13 14:28:17 - Applicant Name Change Reason Type: [Other]
[INFO] [TestNG-PoolService-8] 2023-06-13 14:28:17 - INVALID EMAIL ID: [pex6@btconnect.comvuj]
[INFO] [TestNG-PoolService-8] 2023-06-13 14:28:17 - Applicant Passport Size: Frequent traveller
[INFO] [TestNG-PoolService-8] 2023-06-13 14:28:17 - Applicant Delivery Type: Secure
[INFO] [TestNG-PoolService-8] 2023-06-13 14:28:17 - APPLICANT DESIRES EMAIL UPDATES: [no]
[INFO] [TestNG-PoolService-8] 2023-06-13 14:28:17 - APPLICANT DESIRES TEXT UPDATES: [yes]
[INFO] [TestNG-PoolService-8] 2023-06-13 14:28:17 - Applicant Date of Birth: 1976-06-13
[INFO] [TestNG-PoolService-8] 2023-06-13 14:28:17 - Applicant Date of Birth: 1976-06-13
[INFO] [TestNG-PoolService-8] 2023-06-13 14:28:17 - Applicant Date of Birth: 1993-06-13
[INFO] [TestNG-PoolService-8] 2023-06-13 14:28:17 - Applicant Date of Birth: 1910-09-02
[INFO] [TestNG-PoolService-8] 2023-06-13 14:28:17 - Applicant Date of Birth: 1907-09-02
[INFO] [TestNG-PoolService-8] 2023-06-13 14:28:17 - Applicant Date of Birth: 1908-09-02
[INFO] [TestNG-PoolService-8] 2023-06-13 14:28:17 - Applicant Date of Birth: 1901-09-02
[INFO] [TestNG-PoolService-8] 2023-06-13 14:28:17 - Applicant existing passport issue date: [2013-09-13]
[INFO] [TestNG-PoolService-8] 2023-06-13 14:28:17 - Applicant existing passport expiry date: [2023-09-13]
[INFO] [TestNG-PoolService-8] 2023-06-13 14:28:17 - existingPassportNumber PASSPORT NUMBER: 344947509
[INFO] [TestNG-PoolService-8] 2023-06-13 14:28:17 - parentOnePassportNumber PASSPORT NUMBER: 318451994
[INFO] [TestNG-PoolService-8] 2023-06-13 14:28:17 - parentTwoPassportNumber PASSPORT NUMBER: 344204812
  &amp#27;[32mGiven &amp#27;[0m&amp#27;[32man applicant of type &amp#27;[0m&amp#27;[32m&amp#27;[1madult United Kingdom first time&amp#27;[0m                                                                          &amp#27;[90m# step_definitions.specifications.SpecificationsStepDefinitions.anApplicant(java.lang.String)&amp#27;[0m
[INFO] [TestNG-PoolService-7] 2023-06-13 14:28:17 - Applicant Date of Birth: 1960-06-13
[INFO] [TestNG-PoolService-7] 2023-06-13 14:28:17 - Adult Applicant Title Type: [Mrs]
[INFO] [TestNG-PoolService-7] 2023-06-13 14:28:17 - Applicant Gender: F
[INFO] [TestNG-PoolService-7] 2023-06-13 14:28:17 - Applicant Name Change Reason Type: [Other]
[INFO] [TestNG-PoolService-7] 2023-06-13 14:28:17 - INVALID EMAIL ID: [pex34@gmail.comnwy]
[INFO] [TestNG-PoolService-7] 2023-06-13 14:28:17 - Applicant Passport Size: Standard
[INFO] [TestNG-PoolService-7] 2023-06-13 14:28:17 - Applicant Delivery Type: Standard
[INFO] [TestNG-PoolService-7] 2023-06-13 14:28:17 - APPLICANT DESIRES EMAIL UPDATES: [no]
[INFO] [TestNG-PoolService-7] 2023-06-13 14:28:17 - APPLICANT DESIRES TEXT UPDATES: [yes]
[INFO] [TestNG-PoolService-7] 2023-06-13 14:28:17 - Applicant Date of Birth: 1973-06-13
[INFO] [TestNG-PoolService-7] 2023-06-13 14:28:17 - Applicant Date of Birth: 1950-06-13
[INFO] [TestNG-PoolService-7] 2023-06-13 14:28:17 - Applicant Date of Birth: 1966-06-13
[INFO] [TestNG-PoolService-7] 2023-06-13 14:28:17 - Applicant Date of Birth: 1925-09-02
[INFO] [TestNG-PoolService-7] 2023-06-13 14:28:17 - Applicant Date of Birth: 1900-09-02
[INFO] [TestNG-PoolService-7] 2023-06-13 14:28:17 - Applicant Date of Birth: 1921-09-02
[INFO] [TestNG-PoolService-7] 2023-06-13 14:28:17 - Applicant Date of Birth: 1917-09-02
[INFO] [TestNG-PoolService-7] 2023-06-13 14:28:17 - Applicant existing passport issue date: [2013-09-13]
[INFO] [TestNG-PoolService-7] 2023-06-13 14:28:17 - Applicant existing passport expiry date: [2023-09-13]
[INFO] [TestNG-PoolService-7] 2023-06-13 14:28:17 - existingPassportNumber PASSPORT NUMBER: 398590781
[INFO] [TestNG-PoolService-7] 2023-06-13 14:28:17 - parentOnePassportNumber PASSPORT NUMBER: 376281319
[INFO] [TestNG-PoolService-7] 2023-06-13 14:28:17 - parentTwoPassportNumber PASSPORT NUMBER: 358988762
  &amp#27;[32mGiven &amp#27;[0m&amp#27;[32man applicant of type &amp#27;[0m&amp#27;[32m&amp#27;[1madult United Kingdom first time&amp#27;[0m                                                                          &amp#27;[90m# step_definitions.specifications.SpecificationsStepDefinitions.anApplicant(java.lang.String)&amp#27;[0m
[INFO] [TestNG-PoolService-9] 2023-06-13 14:28:17 - Applicant Date of Birth: 1970-06-13
[INFO] [TestNG-PoolService-9] 2023-06-13 14:28:17 - Adult Applicant Title Type: [Mr]
[INFO] [TestNG-PoolService-9] 2023-06-13 14:28:17 - Applicant Gender: F
[INFO] [TestNG-PoolService-9] 2023-06-13 14:28:17 - Applicant Name Change Reason Type: [GenderReassignment]
[INFO] [TestNG-PoolService-9] 2023-06-13 14:28:17 - INVALID EMAIL ID: [pex5@aol.comrzu]
[INFO] [TestNG-PoolService-9] 2023-06-13 14:28:17 - Applicant Passport Size: Frequent traveller
[INFO] [TestNG-PoolService-9] 2023-06-13 14:28:17 - Applicant Delivery Type: Secure
[INFO] [TestNG-PoolService-9] 2023-06-13 14:28:17 - APPLICANT DESIRES EMAIL UPDATES: [yes]
[INFO] [TestNG-PoolService-9] 2023-06-13 14:28:17 - APPLICANT DESIRES TEXT UPDATES: [no]
[INFO] [TestNG-PoolService-9] 2023-06-13 14:28:17 - Applicant Date of Birth: 1971-06-13
[INFO] [TestNG-PoolService-9] 2023-06-13 14:28:17 - Applicant Date of Birth: 1989-06-13
[INFO] [TestNG-PoolService-9] 2023-06-13 14:28:17 - Applicant Date of Birth: 1959-06-13
[INFO] [TestNG-PoolService-9] 2023-06-13 14:28:17 - Applicant Date of Birth: 1909-09-02
[INFO] [TestNG-PoolService-9] 2023-06-13 14:28:17 - Applicant Date of Birth: 1914-09-02
[INFO] [TestNG-PoolService-9] 2023-06-13 14:28:17 - Applicant Date of Birth: 1915-09-02
[INFO] [TestNG-PoolService-9] 2023-06-13 14:28:17 - Applicant Date of Birth: 1911-09-02
[INFO] [TestNG-PoolService-9] 2023-06-13 14:28:17 - Applicant existing passport issue date: [2013-09-13]
[INFO] [TestNG-PoolService-9] 2023-06-13 14:28:17 - Applicant existing passport expiry date: [2023-09-13]
[INFO] [TestNG-PoolService-9] 2023-06-13 14:28:17 - existingPassportNumber PASSPORT NUMBER: 349965430
[INFO] [TestNG-PoolService-9] 2023-06-13 14:28:17 - parentOnePassportNumber PASSPORT NUMBER: 300054435
[INFO] [TestNG-PoolService-9] 2023-06-13 14:28:17 - parentTwoPassportNumber PASSPORT NUMBER: 385633509
  &amp#27;[32mGiven &amp#27;[0m&amp#27;[32man applicant of type &amp#27;[0m&amp#27;[32m&amp#27;[1madult United Kingdom first time&amp#27;[0m                                                                           &amp#27;[90m# step_definitions.specifications.SpecificationsStepDefinitions.anApplicant(java.lang.String)&amp#27;[0m
[INFO] [TestNG-PoolService-4] 2023-06-13 14:28:17 - Applicant Date of Birth: 1951-06-13
[INFO] [TestNG-PoolService-4] 2023-06-13 14:28:17 - Adult Applicant Title Type: [Miss]
[INFO] [TestNG-PoolService-4] 2023-06-13 14:28:17 - Applicant Gender: M
[INFO] [TestNG-PoolService-4] 2023-06-13 14:28:17 - Applicant Name Change Reason Type: [Marriage]
[INFO] [TestNG-PoolService-4] 2023-06-13 14:28:17 - INVALID EMAIL ID: [pex13@live.comkbj]
[INFO] [TestNG-PoolService-4] 2023-06-13 14:28:17 - Applicant Passport Size: Standard
[INFO] [TestNG-PoolService-4] 2023-06-13 14:28:17 - Applicant Delivery Type: Standard
[INFO] [TestNG-PoolService-4] 2023-06-13 14:28:17 - APPLICANT DESIRES EMAIL UPDATES: [yes]
[INFO] [TestNG-PoolService-4] 2023-06-13 14:28:17 - APPLICANT DESIRES TEXT UPDATES: [yes]
[INFO] [TestNG-PoolService-4] 2023-06-13 14:28:17 - Applicant Date of Birth: 1947-06-13
[INFO] [TestNG-PoolService-4] 2023-06-13 14:28:17 - Applicant Date of Birth: 1963-06-13
[INFO] [TestNG-PoolService-4] 2023-06-13 14:28:17 - Applicant Date of Birth: 1985-06-13
[INFO] [TestNG-PoolService-4] 2023-06-13 14:28:17 - Applicant Date of Birth: 1922-09-02
[INFO] [TestNG-PoolService-4] 2023-06-13 14:28:17 - Applicant Date of Birth: 1917-09-02
[INFO] [TestNG-PoolService-4] 2023-06-13 14:28:17 - Applicant Date of Birth: 1908-09-02
[INFO] [TestNG-PoolService-4] 2023-06-13 14:28:17 - Applicant Date of Birth: 1917-09-02
[INFO] [TestNG-PoolService-4] 2023-06-13 14:28:17 - Applicant existing passport issue date: [2013-09-13]
[INFO] [TestNG-PoolService-4] 2023-06-13 14:28:17 - Applicant existing passport expiry date: [2023-09-13]
[INFO] [TestNG-PoolService-4] 2023-06-13 14:28:17 - existingPassportNumber PASSPORT NUMBER: 327441778
[INFO] [TestNG-PoolService-4] 2023-06-13 14:28:17 - parentOnePassportNumber PASSPORT NUMBER: 362548175
[INFO] [TestNG-PoolService-4] 2023-06-13 14:28:17 - parentTwoPassportNumber PASSPORT NUMBER: 325960155
  &amp#27;[32mGiven &amp#27;[0m&amp#27;[32man applicant of type &amp#27;[0m&amp#27;[32m&amp#27;[1madult United Kingdom first time&amp#27;[0m                                                                          &amp#27;[90m# step_definitions.specifications.SpecificationsStepDefinitions.anApplicant(java.lang.String)&amp#27;[0m
[INFO] [TestNG-PoolService-6] 2023-06-13 14:28:18 - Applicant Date of Birth: 1939-06-13
[INFO] [TestNG-PoolService-6] 2023-06-13 14:28:18 - Adult Applicant Title Type: [Ms]
[INFO] [TestNG-PoolService-6] 2023-06-13 14:28:18 - Applicant Gender: M
[INFO] [TestNG-PoolService-6] 2023-06-13 14:28:18 - Applicant Name Change Reason Type: [GenderReassignment]
[INFO] [TestNG-PoolService-6] 2023-06-13 14:28:18 - INVALID EMAIL ID: [pex30@hotmail.frrwc]
[INFO] [TestNG-PoolService-6] 2023-06-13 14:28:18 - Applicant Passport Size: Standard
[INFO] [TestNG-PoolService-6] 2023-06-13 14:28:18 - Applicant Delivery Type: Standard
[INFO] [TestNG-PoolService-6] 2023-06-13 14:28:18 - APPLICANT DESIRES EMAIL UPDATES: [yes]
[INFO] [TestNG-PoolService-6] 2023-06-13 14:28:18 - APPLICANT DESIRES TEXT UPDATES: [yes]
[INFO] [TestNG-PoolService-6] 2023-06-13 14:28:18 - Applicant Date of Birth: 1974-06-13
[INFO] [TestNG-PoolService-6] 2023-06-13 14:28:18 - Applicant Date of Birth: 1942-06-13
[INFO] [TestNG-PoolService-6] 2023-06-13 14:28:18 - Applicant Date of Birth: 2006-06-13
[INFO] [TestNG-PoolService-6] 2023-06-13 14:28:18 - Applicant Date of Birth: 1909-09-02
[INFO] [TestNG-PoolService-6] 2023-06-13 14:28:18 - Applicant Date of Birth: 1907-09-02
[INFO] [TestNG-PoolService-6] 2023-06-13 14:28:18 - Applicant Date of Birth: 1905-09-02
[INFO] [TestNG-PoolService-6] 2023-06-13 14:28:18 - Applicant Date of Birth: 1927-09-02
[INFO] [TestNG-PoolService-6] 2023-06-13 14:28:18 - Applicant existing passport issue date: [2013-09-13]
[INFO] [TestNG-PoolService-6] 2023-06-13 14:28:18 - Applicant existing passport expiry date: [2023-09-13]
[INFO] [TestNG-PoolService-6] 2023-06-13 14:28:18 - existingPassportNumber PASSPORT NUMBER: 323210577
[INFO] [TestNG-PoolService-6] 2023-06-13 14:28:18 - parentOnePassportNumber PASSPORT NUMBER: 304178953
[INFO] [TestNG-PoolService-6] 2023-06-13 14:28:18 - parentTwoPassportNumber PASSPORT NUMBER: 334008073
  &amp#27;[32mGiven &amp#27;[0m&amp#27;[32man applicant of type &amp#27;[0m&amp#27;[32m&amp#27;[1madult United Kingdom first time&amp#27;[0m                                                                          &amp#27;[90m# step_definitions.specifications.SpecificationsStepDefinitions.anApplicant(java.lang.String)&amp#27;[0m
[INFO] [TestNG-PoolService-2] 2023-06-13 14:28:18 - Applicant Date of Birth: 1982-06-13
[INFO] [TestNG-PoolService-2] 2023-06-13 14:28:18 - Adult Applicant Title Type: [Miss]
[INFO] [TestNG-PoolService-2] 2023-06-13 14:28:18 - Applicant Gender: M
[INFO] [TestNG-PoolService-2] 2023-06-13 14:28:18 - Applicant Name Change Reason Type: [Marriage]
[INFO] [TestNG-PoolService-2] 2023-06-13 14:28:18 - INVALID EMAIL ID: [pex3@hotmail.co.ukajh]
[INFO] [TestNG-PoolService-2] 2023-06-13 14:28:18 - Applicant Passport Size: Frequent traveller
[INFO] [TestNG-PoolService-2] 2023-06-13 14:28:18 - Applicant Delivery Type: Secure
[INFO] [TestNG-PoolService-2] 2023-06-13 14:28:18 - APPLICANT DESIRES EMAIL UPDATES: [no]
[INFO] [TestNG-PoolService-2] 2023-06-13 14:28:18 - APPLICANT DESIRES TEXT UPDATES: [yes]
[INFO] [TestNG-PoolService-2] 2023-06-13 14:28:18 - Applicant Date of Birth: 1968-06-13
[INFO] [TestNG-PoolService-2] 2023-06-13 14:28:18 - Applicant Date of Birth: 1946-06-13
[INFO] [TestNG-PoolService-2] 2023-06-13 14:28:18 - Applicant Date of Birth: 1970-06-13
[INFO] [TestNG-PoolService-2] 2023-06-13 14:28:18 - Applicant Date of Birth: 1926-09-02
[INFO] [TestNG-PoolService-2] 2023-06-13 14:28:18 - Applicant Date of Birth: 1929-09-02
[INFO] [TestNG-PoolService-2] 2023-06-13 14:28:18 - Applicant Date of Birth: 1912-09-02
[INFO] [TestNG-PoolService-2] 2023-06-13 14:28:18 - Applicant Date of Birth: 1919-09-02
[INFO] [TestNG-PoolService-2] 2023-06-13 14:28:18 - Applicant existing passport issue date: [2013-09-13]
[INFO] [TestNG-PoolService-2] 2023-06-13 14:28:18 - Applicant existing passport expiry date: [2023-09-13]
[INFO] [TestNG-PoolService-2] 2023-06-13 14:28:18 - existingPassportNumber PASSPORT NUMBER: 312969664
[INFO] [TestNG-PoolService-2] 2023-06-13 14:28:18 - parentOnePassportNumber PASSPORT NUMBER: 371208474
[INFO] [TestNG-PoolService-2] 2023-06-13 14:28:18 - parentTwoPassportNumber PASSPORT NUMBER: 396765936
  &amp#27;[32mGiven &amp#27;[0m&amp#27;[32man applicant of type &amp#27;[0m&amp#27;[32m&amp#27;[1madult United Kingdom first time&amp#27;[0m                                                                          &amp#27;[90m# step_definitions.specifications.SpecificationsStepDefinitions.anApplicant(java.lang.String)&amp#27;[0m
[INFO] [TestNG-PoolService-1] 2023-06-13 14:28:18 - Applicant Date of Birth: 1988-06-13
[INFO] [TestNG-PoolService-1] 2023-06-13 14:28:18 - Adult Applicant Title Type: [Miss]
[INFO] [TestNG-PoolService-1] 2023-06-13 14:28:18 - Applicant Gender: F
[INFO] [TestNG-PoolService-1] 2023-06-13 14:28:18 - Applicant Name Change Reason Type: [GenderReassignment]
[INFO] [TestNG-PoolService-1] 2023-06-13 14:28:18 - INVALID EMAIL ID: [pex15@me.comfxz]
[INFO] [TestNG-PoolService-1] 2023-06-13 14:28:18 - Applicant Passport Size: Standard
[INFO] [TestNG-PoolService-1] 2023-06-13 14:28:18 - Applicant Delivery Type: Standard
[INFO] [TestNG-PoolService-1] 2023-06-13 14:28:18 - APPLICANT DESIRES EMAIL UPDATES: [yes]
[INFO] [TestNG-PoolService-1] 2023-06-13 14:28:18 - APPLICANT DESIRES TEXT UPDATES: [no]
[INFO] [TestNG-PoolService-1] 2023-06-13 14:28:18 - Applicant Date of Birth: 1990-06-13
[INFO] [TestNG-PoolService-1] 2023-06-13 14:28:18 - Applicant Date of Birth: 1980-06-13
[INFO] [TestNG-PoolService-1] 2023-06-13 14:28:18 - Applicant Date of Birth: 2000-06-13
[INFO] [TestNG-PoolService-1] 2023-06-13 14:28:18 - Applicant Date of Birth: 1927-09-02
[INFO] [TestNG-PoolService-1] 2023-06-13 14:28:18 - Applicant Date of Birth: 1912-09-02
[INFO] [TestNG-PoolService-1] 2023-06-13 14:28:18 - Applicant Date of Birth: 1912-09-02
[INFO] [TestNG-PoolService-1] 2023-06-13 14:28:18 - Applicant Date of Birth: 1928-09-02
[INFO] [TestNG-PoolService-1] 2023-06-13 14:28:18 - Applicant existing passport issue date: [2013-09-13]
[INFO] [TestNG-PoolService-1] 2023-06-13 14:28:18 - Applicant existing passport expiry date: [2023-09-13]
[INFO] [TestNG-PoolService-1] 2023-06-13 14:28:18 - existingPassportNumber PASSPORT NUMBER: 340638476
[INFO] [TestNG-PoolService-1] 2023-06-13 14:28:18 - parentOnePassportNumber PASSPORT NUMBER: 312932172
[INFO] [TestNG-PoolService-1] 2023-06-13 14:28:18 - parentTwoPassportNumber PASSPORT NUMBER: 374696950
  &amp#27;[32mGiven &amp#27;[0m&amp#27;[32man applicant of type &amp#27;[0m&amp#27;[32m&amp#27;[1madult United Kingdom first time&amp#27;[0m                                                                          &amp#27;[90m# step_definitions.specifications.SpecificationsStepDefinitions.anApplicant(java.lang.String)&amp#27;[0m
[INFO] [TestNG-PoolService-5] 2023-06-13 14:28:18 - Loaded page: Apply online for a UK passport
[INFO] [TestNG-PoolService-8] 2023-06-13 14:28:18 - Loaded page: Apply online for a UK passport
[INFO] [TestNG-PoolService-7] 2023-06-13 14:28:18 - Loaded page: Apply online for a UK passport
[INFO] [TestNG-PoolService-3] 2023-06-13 14:28:19 - Applicant Date of Birth: 1991-06-13
[INFO] [TestNG-PoolService-3] 2023-06-13 14:28:19 - Adult Applicant Title Type: [Mr]
[INFO] [TestNG-PoolService-3] 2023-06-13 14:28:19 - Applicant Gender: F
[INFO] [TestNG-PoolService-3] 2023-06-13 14:28:19 - Applicant Name Change Reason Type: [Marriage]
[INFO] [TestNG-PoolService-3] 2023-06-13 14:28:19 - INVALID EMAIL ID: [pex0@gmail.combra]
[INFO] [TestNG-PoolService-3] 2023-06-13 14:28:19 - Applicant Passport Size: Frequent traveller
[INFO] [TestNG-PoolService-3] 2023-06-13 14:28:19 - Applicant Delivery Type: Secure
[INFO] [TestNG-PoolService-3] 2023-06-13 14:28:19 - APPLICANT DESIRES EMAIL UPDATES: [yes]
[INFO] [TestNG-PoolService-3] 2023-06-13 14:28:19 - APPLICANT DESIRES TEXT UPDATES: [no]
[INFO] [TestNG-PoolService-3] 2023-06-13 14:28:19 - Applicant Date of Birth: 1962-06-13
[INFO] [TestNG-PoolService-3] 2023-06-13 14:28:19 - Applicant Date of Birth: 1980-06-13
[INFO] [TestNG-PoolService-3] 2023-06-13 14:28:19 - Applicant Date of Birth: 1954-06-13
[INFO] [TestNG-PoolService-3] 2023-06-13 14:28:19 - Applicant Date of Birth: 1926-09-02
[INFO] [TestNG-PoolService-3] 2023-06-13 14:28:19 - Applicant Date of Birth: 1913-09-02
[INFO] [TestNG-PoolService-3] 2023-06-13 14:28:19 - Applicant Date of Birth: 1909-09-02
[INFO] [TestNG-PoolService-3] 2023-06-13 14:28:19 - Applicant Date of Birth: 1917-09-02
[INFO] [TestNG-PoolService-3] 2023-06-13 14:28:19 - Applicant existing passport issue date: [2013-09-13]
[INFO] [TestNG-PoolService-3] 2023-06-13 14:28:19 - Applicant existing passport expiry date: [2023-09-13]
[INFO] [TestNG-PoolService-3] 2023-06-13 14:28:19 - existingPassportNumber PASSPORT NUMBER: 321396713
[INFO] [TestNG-PoolService-3] 2023-06-13 14:28:19 - parentOnePassportNumber PASSPORT NUMBER: 377167548
[INFO] [TestNG-PoolService-3] 2023-06-13 14:28:19 - parentTwoPassportNumber PASSPORT NUMBER: 330876052
  &amp#27;[32mGiven &amp#27;[0m&amp#27;[32man applicant of type &amp#27;[0m&amp#27;[32m&amp#27;[1madult United Kingdom first time&amp#27;[0m                                                                          &amp#27;[90m# step_definitions.specifications.SpecificationsStepDefinitions.anApplicant(java.lang.String)&amp#27;[0m
[INFO] [TestNG-PoolService-6] 2023-06-13 14:28:19 - Loaded page: Apply online for a UK passport
[INFO] [TestNG-PoolService-4] 2023-06-13 14:28:19 - Loaded page: Apply online for a UK passport
[INFO] [TestNG-PoolService-2] 2023-06-13 14:28:19 - Loaded page: Apply online for a UK passport
[INFO] [TestNG-PoolService-1] 2023-06-13 14:28:19 - Loaded page: Apply online for a UK passport
[INFO] [TestNG-PoolService-9] 2023-06-13 14:28:20 - Loaded page: Apply online for a UK passport
[INFO] [TestNG-PoolService-3] 2023-06-13 14:28:20 - Loaded page: Apply online for a UK passport
[INFO] [TestNG-PoolService-5] 2023-06-13 14:28:21 - Session ID: null
[INFO] [TestNG-PoolService-5] 2023-06-13 14:28:21 - Browser Is: RemoteWebDriver: chrome on WINDOWS (68764e60a3408f9270e8e7c44461565b2cdcb870)
[INFO] [TestNG-PoolService-5] 2023-06-13 14:28:21 - Not switching language
[INFO] [TestNG-PoolService-0] 2023-06-13 14:28:21 - Applicant Date of Birth: 1949-06-13
[INFO] [TestNG-PoolService-0] 2023-06-13 14:28:21 - Adult Applicant Title Type: [Ms]
[INFO] [TestNG-PoolService-0] 2023-06-13 14:28:21 - Applicant Gender: F
[INFO] [TestNG-PoolService-0] 2023-06-13 14:28:21 - Applicant Name Change Reason Type: [Marriage]
[INFO] [TestNG-PoolService-0] 2023-06-13 14:28:21 - INVALID EMAIL ID: [pex1@googlemail.comiwx]
[INFO] [TestNG-PoolService-0] 2023-06-13 14:28:21 - Applicant Passport Size: Frequent traveller
[INFO] [TestNG-PoolService-0] 2023-06-13 14:28:21 - Applicant Delivery Type: Standard
[INFO] [TestNG-PoolService-0] 2023-06-13 14:28:21 - APPLICANT DESIRES EMAIL UPDATES: [no]
[INFO] [TestNG-PoolService-0] 2023-06-13 14:28:21 - APPLICANT DESIRES TEXT UPDATES: [yes]
[INFO] [TestNG-PoolService-0] 2023-06-13 14:28:21 - Applicant Date of Birth: 1982-06-13
[INFO] [TestNG-PoolService-0] 2023-06-13 14:28:21 - Applicant Date of Birth: 1960-06-13
[INFO] [TestNG-PoolService-0] 2023-06-13 14:28:21 - Applicant Date of Birth: 1999-06-13
[INFO] [TestNG-PoolService-0] 2023-06-13 14:28:21 - Applicant Date of Birth: 1906-09-02
[INFO] [TestNG-PoolService-0] 2023-06-13 14:28:21 - Applicant Date of Birth: 1925-09-02
[INFO] [TestNG-PoolService-0] 2023-06-13 14:28:21 - Applicant Date of Birth: 1911-09-02
[INFO] [TestNG-PoolService-0] 2023-06-13 14:28:21 - Applicant Date of Birth: 1905-09-02
[INFO] [TestNG-PoolService-0] 2023-06-13 14:28:21 - Applicant existing passport issue date: [2013-09-13]
[INFO] [TestNG-PoolService-0] 2023-06-13 14:28:21 - Applicant existing passport expiry date: [2023-09-13]
[INFO] [TestNG-PoolService-0] 2023-06-13 14:28:21 - existingPassportNumber PASSPORT NUMBER: 352318565
[INFO] [TestNG-PoolService-0] 2023-06-13 14:28:21 - parentOnePassportNumber PASSPORT NUMBER: 318869631
[INFO] [TestNG-PoolService-0] 2023-06-13 14:28:21 - parentTwoPassportNumber PASSPORT NUMBER: 373694285
  &amp#27;[32mGiven &amp#27;[0m&amp#27;[32man applicant of type &amp#27;[0m&amp#27;[32m&amp#27;[1madult United Kingdom first time&amp#27;[0m                                                                          &amp#27;[90m# step_definitions.specifications.SpecificationsStepDefinitions.anApplicant(java.lang.String)&amp#27;[0m
[INFO] [TestNG-PoolService-8] 2023-06-13 14:28:21 - Session ID: null
[INFO] [TestNG-PoolService-8] 2023-06-13 14:28:21 - Browser Is: RemoteWebDriver: chrome on WINDOWS (294acc95b4ca7cf9659de018dbe4255208262eb0)
[INFO] [TestNG-PoolService-8] 2023-06-13 14:28:21 - Not switching language
[INFO] [TestNG-PoolService-5] 2023-06-13 14:28:21 - Loaded page: Do you live in the UK?
[INFO] [TestNG-PoolService-7] 2023-06-13 14:28:21 - Session ID: null
[INFO] [TestNG-PoolService-7] 2023-06-13 14:28:21 - Browser Is: RemoteWebDriver: chrome on WINDOWS (89da6fc3dcfe28c2149c66033e294e8763efd092)
[INFO] [TestNG-PoolService-7] 2023-06-13 14:28:21 - Not switching language
[INFO] [TestNG-PoolService-8] 2023-06-13 14:28:21 - Loaded page: Do you live in the UK?
[INFO] [TestNG-PoolService-7] 2023-06-13 14:28:22 - Loaded page: Do you live in the UK?
[INFO] [TestNG-PoolService-1] 2023-06-13 14:28:22 - Session ID: null
[INFO] [TestNG-PoolService-1] 2023-06-13 14:28:22 - Browser Is: RemoteWebDriver: chrome on WINDOWS (c9d6f484d075f85facdc817ed3d7d087a92cb899)
[INFO] [TestNG-PoolService-1] 2023-06-13 14:28:22 - Not switching language
[INFO] [TestNG-PoolService-6] 2023-06-13 14:28:22 - Session ID: null
[INFO] [TestNG-PoolService-6] 2023-06-13 14:28:22 - Browser Is: RemoteWebDriver: chrome on WINDOWS (69c1555253bbc10142eabcc2c0431b5c9fde056b)
[INFO] [TestNG-PoolService-6] 2023-06-13 14:28:22 - Not switching language
[INFO] [TestNG-PoolService-1] 2023-06-13 14:28:23 - Loaded page: Do you live in the UK?
[INFO] [TestNG-PoolService-9] 2023-06-13 14:28:23 - Session ID: null
[INFO] [TestNG-PoolService-9] 2023-06-13 14:28:23 - Browser Is: RemoteWebDriver: chrome on WINDOWS (00a9bd3a703ae4c551780f33a13a89076e660c6d)
[INFO] [TestNG-PoolService-9] 2023-06-13 14:28:23 - Not switching language
[INFO] [TestNG-PoolService-0] 2023-06-13 14:28:23 - Loaded page: Apply online for a UK passport
[INFO] [TestNG-PoolService-9] 2023-06-13 14:28:23 - Loaded page: Do you live in the UK?
[INFO] [TestNG-PoolService-6] 2023-06-13 14:28:23 - Loaded page: Do you live in the UK?
[INFO] [TestNG-PoolService-2] 2023-06-13 14:28:24 - Session ID: null
[INFO] [TestNG-PoolService-2] 2023-06-13 14:28:24 - Browser Is: RemoteWebDriver: chrome on WINDOWS (283c8be2239abfaecb0de3f20e32bdcf6e83442c)
[INFO] [TestNG-PoolService-2] 2023-06-13 14:28:24 - Not switching language
[INFO] [TestNG-PoolService-3] 2023-06-13 14:28:24 - Session ID: null
[INFO] [TestNG-PoolService-3] 2023-06-13 14:28:24 - Browser Is: RemoteWebDriver: chrome on WINDOWS (a05c096f3c4b9d39c5d0106206a4074e144a3382)
[INFO] [TestNG-PoolService-3] 2023-06-13 14:28:24 - Not switching language
[INFO] [TestNG-PoolService-2] 2023-06-13 14:28:24 - Loaded page: Do you live in the UK?
[INFO] [TestNG-PoolService-3] 2023-06-13 14:28:24 - Loaded page: Do you live in the UK?
[INFO] [TestNG-PoolService-5] 2023-06-13 14:28:24 - Loaded page: Date of birth
[INFO] [TestNG-PoolService-8] 2023-06-13 14:28:25 - Loaded page: Date of birth
[INFO] [TestNG-PoolService-7] 2023-06-13 14:28:25 - Loaded page: Date of birth
[INFO] [TestNG-PoolService-0] 2023-06-13 14:28:26 - Session ID: null
[INFO] [TestNG-PoolService-0] 2023-06-13 14:28:26 - Browser Is: RemoteWebDriver: chrome on WINDOWS (1330b2957ec6ffb1540bace8acf978830ea770f9)
[INFO] [TestNG-PoolService-0] 2023-06-13 14:28:26 - Not switching language
[INFO] [TestNG-PoolService-5] 2023-06-13 14:28:26 - Loaded page: Have you had a UK passport before?
[INFO] [TestNG-PoolService-1] 2023-06-13 14:28:26 - Loaded page: Date of birth
[INFO] [TestNG-PoolService-0] 2023-06-13 14:28:26 - Loaded page: Do you live in the UK?
[INFO] [TestNG-PoolService-5] 2023-06-13 14:28:27 - Loaded page: How to apply
[INFO] [TestNG-PoolService-7] 2023-06-13 14:28:27 - Loaded page: Have you had a UK passport before?
[INFO] [TestNG-PoolService-9] 2023-06-13 14:28:27 - Loaded page: Date of birth
[INFO] [TestNG-PoolService-6] 2023-06-13 14:28:27 - Loaded page: Date of birth
[INFO] [TestNG-PoolService-8] 2023-06-13 14:28:28 - Loaded page: Have you had a UK passport before?
[INFO] [TestNG-PoolService-3] 2023-06-13 14:28:28 - Loaded page: Date of birth
[INFO] [TestNG-PoolService-2] 2023-06-13 14:28:28 - Loaded page: Date of birth
[INFO] [TestNG-PoolService-5] 2023-06-13 14:28:28 - Loaded page: How to get a digital passport photo
[INFO] [TestNG-PoolService-7] 2023-06-13 14:28:28 - Loaded page: How to apply
[INFO] [TestNG-PoolService-1] 2023-06-13 14:28:29 - Loaded page: Have you had a UK passport before?
[INFO] [TestNG-PoolService-9] 2023-06-13 14:28:29 - Loaded page: Have you had a UK passport before?
[INFO] [TestNG-PoolService-8] 2023-06-13 14:28:29 - Loaded page: How to apply
[INFO] [TestNG-PoolService-3] 2023-06-13 14:28:29 - Loaded page: Have you had a UK passport before?
[INFO] [TestNG-PoolService-7] 2023-06-13 14:28:29 - Loaded page: How to get a digital passport photo
[INFO] [TestNG-PoolService-0] 2023-06-13 14:28:30 - Loaded page: Date of birth
[INFO] [TestNG-PoolService-1] 2023-06-13 14:28:30 - Loaded page: How to apply
[INFO] [TestNG-PoolService-2] 2023-06-13 14:28:30 - Loaded page: Have you had a UK passport before?
[INFO] [TestNG-PoolService-8] 2023-06-13 14:28:31 - Loaded page: How to get a digital passport photo
[INFO] [TestNG-PoolService-6] 2023-06-13 14:28:31 - Loaded page: Have you had a UK passport before?
[INFO] [TestNG-PoolService-9] 2023-06-13 14:28:31 - Loaded page: How to apply
[INFO] [TestNG-PoolService-3] 2023-06-13 14:28:31 - Loaded page: How to apply
[INFO] [TestNG-PoolService-1] 2023-06-13 14:28:32 - Loaded page: How to get a digital passport photo
[INFO] [TestNG-PoolService-5] 2023-06-13 14:28:32 - Loaded page: How to take a digital passport photo
[INFO] [TestNG-PoolService-0] 2023-06-13 14:28:32 - Loaded page: Have you had a UK passport before?
[INFO] [TestNG-PoolService-2] 2023-06-13 14:28:32 - Loaded page: How to apply
[INFO] [TestNG-PoolService-3] 2023-06-13 14:28:32 - Loaded page: How to get a digital passport photo
[INFO] [TestNG-PoolService-9] 2023-06-13 14:28:32 - Loaded page: How to get a digital passport photo
[INFO] [TestNG-PoolService-7] 2023-06-13 14:28:33 - Loaded page: How to take a digital passport photo
[INFO] [TestNG-PoolService-5] 2023-06-13 14:28:33 - Loaded page: Upload your photo
[INFO] [TestNG-PoolService-6] 2023-06-13 14:28:33 - Loaded page: How to apply
[INFO] [TestNG-PoolService-0] 2023-06-13 14:28:33 - Loaded page: How to apply
[INFO] [TestNG-PoolService-2] 2023-06-13 14:28:34 - Loaded page: How to get a digital passport photo
[INFO] [TestNG-PoolService-8] 2023-06-13 14:28:34 - Loaded page: How to take a digital passport photo
[INFO] [TestNG-PoolService-7] 2023-06-13 14:28:34 - Loaded page: Upload your photo
[INFO] [TestNG-PoolService-5] 2023-06-13 14:28:34 - PHOTO UPLOAD NAME: [photo-passport-example-1-1.jpg], PHOTO UPLOAD TYPE: [Photo Upload]
[INFO] [TestNG-PoolService-1] 2023-06-13 14:28:35 - Loaded page: How to take a digital passport photo
[INFO] [TestNG-PoolService-4] 2023-06-13 14:28:35 - Session ID: null
[INFO] [TestNG-PoolService-4] 2023-06-13 14:28:35 - Browser Is: RemoteWebDriver: chrome on WINDOWS (b2bfee65023c0a9e1dfce90af8b587f420485ad1)
[INFO] [TestNG-PoolService-4] 2023-06-13 14:28:35 - Not switching language
[INFO] [TestNG-PoolService-6] 2023-06-13 14:28:35 - Loaded page: How to get a digital passport photo
[INFO] [TestNG-PoolService-0] 2023-06-13 14:28:35 - Loaded page: How to get a digital passport photo
[INFO] [TestNG-PoolService-4] 2023-06-13 14:28:35 - Loaded page: Do you live in the UK?
[INFO] [TestNG-PoolService-7] 2023-06-13 14:28:36 - PHOTO UPLOAD NAME: [photo-passport-example-1-1.jpg], PHOTO UPLOAD TYPE: [Photo Upload]
[INFO] [TestNG-PoolService-3] 2023-06-13 14:28:36 - Loaded page: How to take a digital passport photo
[INFO] [TestNG-PoolService-5] 2023-06-13 14:28:36 - Loaded page: Do you want to submit this photo?
[INFO] [TestNG-PoolService-8] 2023-06-13 14:28:36 - Loaded page: Upload your photo
[INFO] [TestNG-PoolService-9] 2023-06-13 14:28:36 - Loaded page: How to take a digital passport photo
[INFO] [TestNG-PoolService-1] 2023-06-13 14:28:36 - Loaded page: Upload your photo
[INFO] [TestNG-PoolService-8] 2023-06-13 14:28:37 - PHOTO UPLOAD NAME: [photo-passport-example-1-1.jpg], PHOTO UPLOAD TYPE: [Photo Upload]
[INFO] [TestNG-PoolService-7] 2023-06-13 14:28:37 - Loaded page: Do you want to submit this photo?
[INFO] [TestNG-PoolService-1] 2023-06-13 14:28:37 - PHOTO UPLOAD NAME: [photo-passport-example-1-1.jpg], PHOTO UPLOAD TYPE: [Photo Upload]
[INFO] [TestNG-PoolService-2] 2023-06-13 14:28:38 - Loaded page: How to take a digital passport photo
[INFO] [TestNG-PoolService-5] 2023-06-13 14:28:38 - Loaded page: Do you have any passports from other countries?
[INFO] [TestNG-PoolService-5] 2023-06-13 14:28:38 - DUAL NATIONALITY IS SET TO [true]
[INFO] [TestNG-PoolService-3] 2023-06-13 14:28:38 - Loaded page: Upload your photo
[INFO] [TestNG-PoolService-9] 2023-06-13 14:28:38 - Loaded page: Upload your photo
[INFO] [TestNG-PoolService-7] 2023-06-13 14:28:38 - Loaded page: Do you have any passports from other countries?
[INFO] [TestNG-PoolService-7] 2023-06-13 14:28:38 - DUAL NATIONALITY IS SET TO [false]
[INFO] [TestNG-PoolService-0] 2023-06-13 14:28:39 - Loaded page: How to take a digital passport photo
[INFO] [TestNG-PoolService-3] 2023-06-13 14:28:39 - PHOTO UPLOAD NAME: [photo-passport-example-1-1.jpg], PHOTO UPLOAD TYPE: [Photo Upload]
[INFO] [TestNG-PoolService-8] 2023-06-13 14:28:39 - Loaded page: Do you want to submit this photo?
[INFO] [TestNG-PoolService-6] 2023-06-13 14:28:39 - Loaded page: How to take a digital passport photo
[INFO] [TestNG-PoolService-9] 2023-06-13 14:28:39 - PHOTO UPLOAD NAME: [photo-passport-example-1-1.jpg], PHOTO UPLOAD TYPE: [Photo Upload]
[INFO] [TestNG-PoolService-1] 2023-06-13 14:28:39 - Loaded page: Do you want to submit this photo?
[INFO] [TestNG-PoolService-4] 2023-06-13 14:28:39 - Loaded page: Date of birth
[INFO] [TestNG-PoolService-5] 2023-06-13 14:28:39 - Loaded page: Do you have a naturalisation or registration certificate?
[INFO] [TestNG-PoolService-2] 2023-06-13 14:28:40 - Loaded page: Upload your photo
[INFO] [TestNG-PoolService-0] 2023-06-13 14:28:40 - Loaded page: Upload your photo
[INFO] [TestNG-PoolService-7] 2023-06-13 14:28:40 - Loaded page: Do you have a naturalisation or registration certificate?
[INFO] [TestNG-PoolService-3] 2023-06-13 14:28:40 - Loaded page: Do you want to submit this photo?
[INFO] [TestNG-PoolService-8] 2023-06-13 14:28:40 - Loaded page: Do you have any passports from other countries?
[INFO] [TestNG-PoolService-8] 2023-06-13 14:28:40 - DUAL NATIONALITY IS SET TO [false]
[INFO] [TestNG-PoolService-9] 2023-06-13 14:28:41 - Loaded page: Do you want to submit this photo?
[INFO] [TestNG-PoolService-6] 2023-06-13 14:28:41 - Loaded page: Upload your photo
[INFO] [TestNG-PoolService-0] 2023-06-13 14:28:41 - PHOTO UPLOAD NAME: [photo-passport-example-1-1.jpg], PHOTO UPLOAD TYPE: [Photo Upload]
[INFO] [TestNG-PoolService-1] 2023-06-13 14:28:41 - Loaded page: Do you have any passports from other countries?
[INFO] [TestNG-PoolService-1] 2023-06-13 14:28:41 - DUAL NATIONALITY IS SET TO [false]
[INFO] [TestNG-PoolService-5] 2023-06-13 14:28:41 - Loaded page: Apply for a first UK passport
[INFO] [TestNG-PoolService-4] 2023-06-13 14:28:41 - Loaded page: Have you had a UK passport before?
[INFO] [TestNG-PoolService-2] 2023-06-13 14:28:41 - PHOTO UPLOAD NAME: [photo-passport-example-1-1.jpg], PHOTO UPLOAD TYPE: [Photo Upload]
[INFO] [TestNG-PoolService-7] 2023-06-13 14:28:42 - Loaded page: Apply for a first UK passport
[INFO] [TestNG-PoolService-6] 2023-06-13 14:28:42 - PHOTO UPLOAD NAME: [photo-passport-example-1-1.jpg], PHOTO UPLOAD TYPE: [Photo Upload]
[INFO] [TestNG-PoolService-3] 2023-06-13 14:28:42 - Loaded page: Do you have any passports from other countries?
[INFO] [TestNG-PoolService-3] 2023-06-13 14:28:42 - DUAL NATIONALITY IS SET TO [false]
[INFO] [TestNG-PoolService-0] 2023-06-13 14:28:42 - Loaded page: Do you want to submit this photo?
[INFO] [TestNG-PoolService-8] 2023-06-13 14:28:42 - Loaded page: Do you have a naturalisation or registration certificate?
[INFO] [TestNG-PoolService-1] 2023-06-13 14:28:43 - Loaded page: Do you have a naturalisation or registration certificate?
[INFO] [TestNG-PoolService-9] 2023-06-13 14:28:43 - Loaded page: Do you have any passports from other countries?
[INFO] [TestNG-PoolService-9] 2023-06-13 14:28:43 - DUAL NATIONALITY IS SET TO [false]
[INFO] [TestNG-PoolService-4] 2023-06-13 14:28:43 - Loaded page: How to apply
[INFO] [TestNG-PoolService-0] 2023-06-13 14:28:43 - Loaded page: Do you have any passports from other countries?
[INFO] [TestNG-PoolService-0] 2023-06-13 14:28:43 - DUAL NATIONALITY IS SET TO [false]
[INFO] [TestNG-PoolService-2] 2023-06-13 14:28:43 - Loaded page: Do you want to submit this photo?
[INFO] [TestNG-PoolService-8] 2023-06-13 14:28:43 - Loaded page: Apply for a first UK passport
[INFO] [TestNG-PoolService-3] 2023-06-13 14:28:43 - Loaded page: Do you have a naturalisation or registration certificate?
[INFO] [TestNG-PoolService-6] 2023-06-13 14:28:44 - Loaded page: Do you want to submit this photo?
[INFO] [TestNG-PoolService-4] 2023-06-13 14:28:44 - Loaded page: How to get a digital passport photo
[INFO] [TestNG-PoolService-1] 2023-06-13 14:28:44 - Loaded page: Apply for a first UK passport
[INFO] [TestNG-PoolService-5] 2023-06-13 14:28:44 - Loaded page: What you’ll need
[INFO] [TestNG-PoolService-0] 2023-06-13 14:28:45 - Loaded page: Do you have a naturalisation or registration certificate?
[INFO] [TestNG-PoolService-7] 2023-06-13 14:28:45 - Loaded page: What you’ll need
[INFO] [TestNG-PoolService-3] 2023-06-13 14:28:45 - Loaded page: Apply for a first UK passport
[INFO] [TestNG-PoolService-9] 2023-06-13 14:28:45 - Loaded page: Do you have a naturalisation or registration certificate?
[INFO] [TestNG-PoolService-2] 2023-06-13 14:28:45 - Loaded page: Do you have any passports from other countries?
[INFO] [TestNG-PoolService-2] 2023-06-13 14:28:45 - DUAL NATIONALITY IS SET TO [false]
[INFO] [TestNG-PoolService-6] 2023-06-13 14:28:46 - Loaded page: Do you have any passports from other countries?
[INFO] [TestNG-PoolService-6] 2023-06-13 14:28:46 - DUAL NATIONALITY IS SET TO [false]
[INFO] [TestNG-PoolService-0] 2023-06-13 14:28:46 - Loaded page: Apply for a first UK passport
[INFO] [TestNG-PoolService-5] 2023-06-13 14:28:46 - Loaded page: New passport details
[INFO] [TestNG-PoolService-7] 2023-06-13 14:28:46 - Loaded page: New passport details
[INFO] [TestNG-PoolService-9] 2023-06-13 14:28:47 - Loaded page: Apply for a first UK passport
[INFO] [TestNG-PoolService-8] 2023-06-13 14:28:47 - Loaded page: What you’ll need
[INFO] [TestNG-PoolService-2] 2023-06-13 14:28:47 - Loaded page: Do you have a naturalisation or registration certificate?
[INFO] [TestNG-PoolService-6] 2023-06-13 14:28:47 - Loaded page: Do you have a naturalisation or registration certificate?
[INFO] [TestNG-PoolService-1] 2023-06-13 14:28:48 - Loaded page: What you’ll need
[INFO] [TestNG-PoolService-3] 2023-06-13 14:28:48 - Loaded page: What you’ll need
[INFO] [TestNG-PoolService-4] 2023-06-13 14:28:48 - Loaded page: How to take a digital passport photo
[INFO] [TestNG-PoolService-5] 2023-06-13 14:28:49 - Loaded page: How did you change your name?
[INFO] [TestNG-PoolService-8] 2023-06-13 14:28:49 - Loaded page: New passport details
[INFO] [TestNG-PoolService-2] 2023-06-13 14:28:49 - Loaded page: Apply for a first UK passport
[INFO] [TestNG-PoolService-1] 2023-06-13 14:28:49 - Loaded page: New passport details
[INFO] [TestNG-PoolService-7] 2023-06-13 14:28:49 - Loaded page: How did you change your name?
[INFO] [TestNG-PoolService-0] 2023-06-13 14:28:49 - Loaded page: What you’ll need
[INFO] [TestNG-PoolService-3] 2023-06-13 14:28:49 - Loaded page: New passport details
[INFO] [TestNG-PoolService-6] 2023-06-13 14:28:50 - Loaded page: Apply for a first UK passport
[INFO] [TestNG-PoolService-4] 2023-06-13 14:28:50 - Loaded page: Upload your photo
[INFO] [TestNG-PoolService-5] 2023-06-13 14:28:50 - Loaded page: Previous names
[INFO] [TestNG-PoolService-9] 2023-06-13 14:28:50 - Loaded page: What you’ll need
[INFO] [TestNG-PoolService-0] 2023-06-13 14:28:50 - Loaded page: New passport details
[INFO] [TestNG-PoolService-7] 2023-06-13 14:28:51 - Loaded page: Previous names
[INFO] [TestNG-PoolService-4] 2023-06-13 14:28:51 - PHOTO UPLOAD NAME: [photo-passport-example-1-1.jpg], PHOTO UPLOAD TYPE: [Photo Upload]
[INFO] [TestNG-PoolService-1] 2023-06-13 14:28:51 - Loaded page: How did you change your name?
[INFO] [TestNG-PoolService-3] 2023-06-13 14:28:51 - Loaded page: How did you change your name?
[INFO] [TestNG-PoolService-5] 2023-06-13 14:28:52 - Loaded page: Gender
[INFO] [TestNG-PoolService-9] 2023-06-13 14:28:52 - Loaded page: New passport details
[INFO] [TestNG-PoolService-7] 2023-06-13 14:28:52 - Loaded page: Gender
[INFO] [TestNG-PoolService-8] 2023-06-13 14:28:52 - Loaded page: How did you change your name?
[INFO] [TestNG-PoolService-2] 2023-06-13 14:28:53 - Loaded page: What you’ll need
[INFO] [TestNG-PoolService-0] 2023-06-13 14:28:53 - Loaded page: How did you change your name?
[INFO] [TestNG-PoolService-3] 2023-06-13 14:28:53 - Loaded page: Previous names
[INFO] [TestNG-PoolService-1] 2023-06-13 14:28:53 - Loaded page: Previous names
[INFO] [TestNG-PoolService-7] 2023-06-13 14:28:54 - Loaded page: Were you born in the UK?
[INFO] [TestNG-PoolService-4] 2023-06-13 14:28:54 - Loaded page: Do you want to submit this photo?
[INFO] [TestNG-PoolService-6] 2023-06-13 14:28:54 - Loaded page: What you’ll need
[INFO] [TestNG-PoolService-5] 2023-06-13 14:28:54 - Loaded page: Were you born in the UK?
[INFO] [TestNG-PoolService-0] 2023-06-13 14:28:54 - Loaded page: Previous names
[INFO] [TestNG-PoolService-8] 2023-06-13 14:28:55 - Loaded page: Previous names
[INFO] [TestNG-PoolService-2] 2023-06-13 14:28:55 - Loaded page: New passport details
[INFO] [TestNG-PoolService-4] 2023-06-13 14:28:55 - Loaded page: Do you have any passports from other countries?
[INFO] [TestNG-PoolService-4] 2023-06-13 14:28:55 - DUAL NATIONALITY IS SET TO [true]
[INFO] [TestNG-PoolService-3] 2023-06-13 14:28:55 - Loaded page: Gender
[INFO] [TestNG-PoolService-1] 2023-06-13 14:28:55 - Loaded page: Gender
[INFO] [TestNG-PoolService-6] 2023-06-13 14:28:56 - Loaded page: New passport details
[INFO] [TestNG-PoolService-0] 2023-06-13 14:28:56 - Loaded page: Gender
[INFO] [TestNG-PoolService-7] 2023-06-13 14:28:57 - Loaded page: Naturalisation or registration details
[INFO] [TestNG-PoolService-3] 2023-06-13 14:28:57 - Loaded page: Were you born in the UK?
[INFO] [TestNG-PoolService-9] 2023-06-13 14:28:57 - Loaded page: How did you change your name?
[INFO] [TestNG-PoolService-0] 2023-06-13 14:28:57 - Loaded page: Were you born in the UK?
[INFO] [TestNG-PoolService-1] 2023-06-13 14:28:57 - Loaded page: Were you born in the UK?
[INFO] [TestNG-PoolService-8] 2023-06-13 14:28:57 - Loaded page: Gender
[INFO] [TestNG-PoolService-5] 2023-06-13 14:28:57 - Loaded page: Naturalisation or registration details
[INFO] [TestNG-PoolService-4] 2023-06-13 14:28:58 - Loaded page: Do you have a naturalisation or registration certificate?
[INFO] [TestNG-PoolService-7] 2023-06-13 14:28:58 - Loaded page: Family details
[INFO] [TestNG-PoolService-9] 2023-06-13 14:28:59 - Loaded page: Previous names
[INFO] [TestNG-PoolService-8] 2023-06-13 14:28:59 - Loaded page: Were you born in the UK?
[INFO] [TestNG-PoolService-2] 2023-06-13 14:28:59 - Loaded page: How did you change your name?
[INFO] [TestNG-PoolService-3] 2023-06-13 14:29:00 - Loaded page: Naturalisation or registration details
[INFO] [TestNG-PoolService-5] 2023-06-13 14:29:00 - Loaded page: Family details
[INFO] [TestNG-PoolService-4] 2023-06-13 14:29:00 - Loaded page: Apply for a first UK passport
[INFO] [TestNG-PoolService-7] 2023-06-13 14:29:00 - Loaded page: Parents’ details
[INFO] [TestNG-PoolService-7] 2023-06-13 14:29:00 - Did not fill Parent one's first name, last name and date of birth
[INFO] [TestNG-PoolService-0] 2023-06-13 14:29:00 - Loaded page: Naturalisation or registration details
[INFO] [TestNG-PoolService-6] 2023-06-13 14:29:00 - Loaded page: How did you change your name?
[INFO] [TestNG-PoolService-1] 2023-06-13 14:29:00 - Loaded page: Naturalisation or registration details
[INFO] [TestNG-PoolService-9] 2023-06-13 14:29:01 - Loaded page: Gender
[INFO] [TestNG-PoolService-5] 2023-06-13 14:29:01 - Loaded page: Parents’ details
[INFO] [TestNG-PoolService-5] 2023-06-13 14:29:01 - Did not fill Parent one's first name, last name and date of birth
[INFO] [TestNG-PoolService-7] 2023-06-13 14:29:01 - Did not fill Parent two's first name, last name and date of birth
[INFO] [TestNG-PoolService-2] 2023-06-13 14:29:01 - Loaded page: Previous names
[INFO] [TestNG-PoolService-3] 2023-06-13 14:29:01 - Loaded page: Family details
[INFO] [TestNG-PoolService-0] 2023-06-13 14:29:02 - Loaded page: Family details
[INFO] [TestNG-PoolService-5] 2023-06-13 14:29:02 - Did not fill Parent two's first name, last name and date of birth
[INFO] [TestNG-PoolService-8] 2023-06-13 14:29:02 - Loaded page: Naturalisation or registration details
[INFO] [TestNG-PoolService-1] 2023-06-13 14:29:02 - Loaded page: Family details
[INFO] [TestNG-PoolService-6] 2023-06-13 14:29:02 - Loaded page: Previous names
[INFO] [TestNG-PoolService-3] 2023-06-13 14:29:02 - Loaded page: Parents’ details
[INFO] [TestNG-PoolService-9] 2023-06-13 14:29:03 - Loaded page: Were you born in the UK?
[INFO] [TestNG-PoolService-0] 2023-06-13 14:29:03 - Loaded page: Parents’ details
[INFO] [TestNG-PoolService-4] 2023-06-13 14:29:03 - Loaded page: What you’ll need
[INFO] [TestNG-PoolService-3] 2023-06-13 14:29:03 - Filled Parent one's first name, last name and date of birth
[INFO] [TestNG-PoolService-3] 2023-06-13 14:29:03 - Did not fill Parent two's first name, last name and date of birth
[INFO] [TestNG-PoolService-7] 2023-06-13 14:29:04 - Loaded page: Mother or parent 1
[INFO] [TestNG-PoolService-2] 2023-06-13 14:29:04 - Loaded page: Gender
[INFO] [TestNG-PoolService-0] 2023-06-13 14:29:04 - Filled Parent one's first name, last name and date of birth
[INFO] [TestNG-PoolService-8] 2023-06-13 14:29:04 - Loaded page: Family details
[INFO] [TestNG-PoolService-1] 2023-06-13 14:29:04 - Loaded page: Parents’ details
[INFO] [TestNG-PoolService-1] 2023-06-13 14:29:04 - Did not fill Parent one's first name, last name and date of birth
[INFO] [TestNG-PoolService-5] 2023-06-13 14:29:04 - Loaded page: Mother or parent 1
[INFO] [TestNG-PoolService-6] 2023-06-13 14:29:04 - Loaded page: Gender
[INFO] [TestNG-PoolService-4] 2023-06-13 14:29:05 - Loaded page: New passport details
[INFO] [TestNG-PoolService-0] 2023-06-13 14:29:05 - Filled Parent two's first name, last name and date of birth
[INFO] [TestNG-PoolService-7] 2023-06-13 14:29:05 - Loaded page: Father or parent 2
[INFO] [TestNG-PoolService-8] 2023-06-13 14:29:06 - Loaded page: Parents’ details
[INFO] [TestNG-PoolService-5] 2023-06-13 14:29:06 - Loaded page: Father or parent 2
[INFO] [TestNG-PoolService-9] 2023-06-13 14:29:06 - Loaded page: Naturalisation or registration details
[INFO] [TestNG-PoolService-3] 2023-06-13 14:29:06 - Loaded page: Mother or parent 1
[INFO] [TestNG-PoolService-1] 2023-06-13 14:29:06 - Filled Parent two's first name, last name and date of birth
[INFO] [TestNG-PoolService-0] 2023-06-13 14:29:06 - Loaded page: Mother or parent 1
[INFO] [TestNG-PoolService-2] 2023-06-13 14:29:06 - Loaded page: Were you born in the UK?
[INFO] [TestNG-PoolService-8] 2023-06-13 14:29:06 - Filled Parent one's first name, last name and date of birth
[INFO] [TestNG-PoolService-6] 2023-06-13 14:29:07 - Loaded page: Were you born in the UK?
[INFO] [TestNG-PoolService-7] 2023-06-13 14:29:07 - Loaded page: Enter home address
[INFO] [TestNG-PoolService-5] 2023-06-13 14:29:07 - Loaded page: Enter home address
[INFO] [TestNG-PoolService-4] 2023-06-13 14:29:07 - Loaded page: How did you change your name?
[INFO] [TestNG-PoolService-1] 2023-06-13 14:29:07 - Loaded page: Mother or parent 1
[INFO] [TestNG-PoolService-8] 2023-06-13 14:29:07 - Filled Parent two's first name, last name and date of birth
[INFO] [TestNG-PoolService-9] 2023-06-13 14:29:08 - Loaded page: Family details
[INFO] [TestNG-PoolService-4] 2023-06-13 14:29:08 - Loaded page: Previous names
[INFO] [TestNG-PoolService-3] 2023-06-13 14:29:09 - Loaded page: Father or parent 2
[INFO] [TestNG-PoolService-1] 2023-06-13 14:29:09 - Loaded page: Father or parent 2
[INFO] [TestNG-PoolService-0] 2023-06-13 14:29:09 - Loaded page: Father or parent 2
[INFO] [TestNG-PoolService-8] 2023-06-13 14:29:10 - Loaded page: Mother or parent 1
[INFO] [TestNG-PoolService-2] 2023-06-13 14:29:10 - Loaded page: Naturalisation or registration details
[INFO] [TestNG-PoolService-7] 2023-06-13 14:29:10 - Loaded page: Contact details
[INFO] [TestNG-PoolService-5] 2023-06-13 14:29:10 - Loaded page: Contact details
[INFO] [TestNG-PoolService-9] 2023-06-13 14:29:10 - Loaded page: Parents’ details
[INFO] [TestNG-PoolService-9] 2023-06-13 14:29:10 - Did not fill Parent one's first name, last name and date of birth
[INFO] [TestNG-PoolService-3] 2023-06-13 14:29:10 - Loaded page: Enter home address
[INFO] [TestNG-PoolService-4] 2023-06-13 14:29:10 - Loaded page: Gender
[INFO] [TestNG-PoolService-6] 2023-06-13 14:29:11 - Loaded page: Naturalisation or registration details
[INFO] [TestNG-PoolService-0] 2023-06-13 14:29:11 - Loaded page: Enter home address
[INFO] [TestNG-PoolService-1] 2023-06-13 14:29:12 - Loaded page: Enter home address
[INFO] [TestNG-PoolService-4] 2023-06-13 14:29:12 - Loaded page: Were you born in the UK?
[INFO] [TestNG-PoolService-8] 2023-06-13 14:29:12 - Loaded page: Father or parent 2
[INFO] [TestNG-PoolService-2] 2023-06-13 14:29:12 - Loaded page: Family details
[INFO] [TestNG-PoolService-9] 2023-06-13 14:29:13 - Filled Parent two's first name, last name and date of birth
[INFO] [TestNG-PoolService-7] 2023-06-13 14:29:13 - Loaded page: Get updates
[INFO] [TestNG-PoolService-5] 2023-06-13 14:29:13 - Loaded page: Get updates
[INFO] [TestNG-PoolService-6] 2023-06-13 14:29:13 - Loaded page: Family details
[INFO] [TestNG-PoolService-2] 2023-06-13 14:29:14 - Loaded page: Parents’ details
[INFO] [TestNG-PoolService-3] 2023-06-13 14:29:14 - Loaded page: Contact details
[INFO] [TestNG-PoolService-7] 2023-06-13 14:29:15 - Loaded page: New passport
[INFO] [TestNG-PoolService-5] 2023-06-13 14:29:15 - Loaded page: New passport
[INFO] [TestNG-PoolService-2] 2023-06-13 14:29:15 - Filled Parent one's first name, last name and date of birth
[INFO] [TestNG-PoolService-2] 2023-06-13 14:29:15 - Did not fill Parent two's first name, last name and date of birth
[INFO] [TestNG-PoolService-9] 2023-06-13 14:29:15 - Loaded page: Mother or parent 1
[INFO] [TestNG-PoolService-0] 2023-06-13 14:29:15 - Loaded page: Contact details
[INFO] [TestNG-PoolService-1] 2023-06-13 14:29:15 - Loaded page: Contact details
[INFO] [TestNG-PoolService-6] 2023-06-13 14:29:15 - Loaded page: Parents’ details
[INFO] [TestNG-PoolService-6] 2023-06-13 14:29:15 - Did not fill Parent one's first name, last name and date of birth
[INFO] [TestNG-PoolService-8] 2023-06-13 14:29:15 - Loaded page: Enter home address
[INFO] [TestNG-PoolService-4] 2023-06-13 14:29:16 - Loaded page: Naturalisation or registration details
[INFO] [TestNG-PoolService-7] 2023-06-13 14:29:16 - Loaded page: Signing a new passport
[INFO] [TestNG-PoolService-7] 2023-06-13 14:29:16 - Applicant Can Sign Passport: [false]
[INFO] [TestNG-PoolService-3] 2023-06-13 14:29:17 - Loaded page: Get updates
[INFO] [TestNG-PoolService-5] 2023-06-13 14:29:17 - Loaded page: Signing a new passport
[INFO] [TestNG-PoolService-5] 2023-06-13 14:29:17 - Applicant Can Sign Passport: [false]
[INFO] [TestNG-PoolService-9] 2023-06-13 14:29:17 - Loaded page: Father or parent 2
[INFO] [TestNG-PoolService-6] 2023-06-13 14:29:18 - Filled Parent two's first name, last name and date of birth
[INFO] [TestNG-PoolService-4] 2023-06-13 14:29:18 - Loaded page: Family details
[INFO] [TestNG-PoolService-3] 2023-06-13 14:29:18 - Loaded page: New passport
[INFO] [TestNG-PoolService-1] 2023-06-13 14:29:18 - Loaded page: Get updates
[INFO] [TestNG-PoolService-0] 2023-06-13 14:29:18 - Loaded page: Get updates
[INFO] [TestNG-PoolService-2] 2023-06-13 14:29:18 - Loaded page: Mother or parent 1
[INFO] [TestNG-PoolService-7] 2023-06-13 14:29:20 - Loaded page: Who is the passport for?
[INFO] [TestNG-PoolService-5] 2023-06-13 14:29:20 - Loaded page: Who is the passport for?
[INFO] [TestNG-PoolService-4] 2023-06-13 14:29:20 - Loaded page: Parents’ details
[INFO] [TestNG-PoolService-0] 2023-06-13 14:29:20 - Loaded page: New passport
[INFO] [TestNG-PoolService-8] 2023-06-13 14:29:20 - Loaded page: Contact details
[INFO] [TestNG-PoolService-3] 2023-06-13 14:29:20 - Loaded page: Signing a new passport
[INFO] [TestNG-PoolService-1] 2023-06-13 14:29:20 - Loaded page: New passport
[INFO] [TestNG-PoolService-3] 2023-06-13 14:29:20 - Applicant Can Sign Passport: [false]
[INFO] [TestNG-PoolService-6] 2023-06-13 14:29:20 - Loaded page: Mother or parent 1
[INFO] [TestNG-PoolService-4] 2023-06-13 14:29:21 - Filled Parent one's first name, last name and date of birth
[INFO] [TestNG-PoolService-9] 2023-06-13 14:29:21 - Loaded page: Enter home address
[INFO] [TestNG-PoolService-5] 2023-06-13 14:29:22 - Loaded page: Check this application
[INFO] [TestNG-PoolService-4] 2023-06-13 14:29:22 - Filled Parent two's first name, last name and date of birth
[INFO] [TestNG-PoolService-7] 2023-06-13 14:29:22 - Loaded page: Check this application
[INFO] [TestNG-PoolService-1] 2023-06-13 14:29:22 - Loaded page: Signing a new passport
[INFO] [TestNG-PoolService-1] 2023-06-13 14:29:22 - Applicant Can Sign Passport: [true]
[INFO] [TestNG-PoolService-2] 2023-06-13 14:29:22 - Loaded page: Father or parent 2
[INFO] [TestNG-PoolService-0] 2023-06-13 14:29:22 - Loaded page: Signing a new passport
[INFO] [TestNG-PoolService-0] 2023-06-13 14:29:22 - Applicant Can Sign Passport: [true]
[INFO] [TestNG-PoolService-3] 2023-06-13 14:29:22 - Loaded page: Who is the passport for?
[INFO] [TestNG-PoolService-6] 2023-06-13 14:29:22 - Loaded page: Father or parent 2
[INFO] [TestNG-PoolService-7] 2023-06-13 14:29:22 - Loaded page: Confirm your identity
[INFO] [TestNG-PoolService-8] 2023-06-13 14:29:23 - Loaded page: Get updates
[INFO] [TestNG-PoolService-5] 2023-06-13 14:29:23 - Loaded page: Confirm your identity
[INFO] [TestNG-PoolService-1] 2023-06-13 14:29:23 - Loaded page: Who is the passport for?
[INFO] [TestNG-PoolService-4] 2023-06-13 14:29:24 - Loaded page: Mother or parent 1
[INFO] [TestNG-PoolService-3] 2023-06-13 14:29:24 - Loaded page: Check this application
[INFO] [TestNG-PoolService-2] 2023-06-13 14:29:24 - Loaded page: Enter home address
[INFO] [TestNG-PoolService-7] 2023-06-13 14:29:24 - Loaded page: What you need to send
[INFO] [TestNG-PoolService-0] 2023-06-13 14:29:24 - Loaded page: Who is the passport for?
[INFO] [TestNG-PoolService-8] 2023-06-13 14:29:24 - Loaded page: New passport
[INFO] [TestNG-PoolService-5] 2023-06-13 14:29:24 - Loaded page: What you need to send
[INFO] [TestNG-PoolService-1] 2023-06-13 14:29:25 - Loaded page: Check this application
[INFO] [TestNG-PoolService-9] 2023-06-13 14:29:25 - Loaded page: Contact details
[INFO] [TestNG-PoolService-7] 2023-06-13 14:29:25 - Loaded page: How should we return your documents?
[INFO] [TestNG-PoolService-3] 2023-06-13 14:29:25 - Loaded page: Confirm your identity
[INFO] [TestNG-PoolService-5] 2023-06-13 14:29:25 - Loaded page: How should we return your documents?
[INFO] [TestNG-PoolService-0] 2023-06-13 14:29:26 - Loaded page: Check this application
[INFO] [TestNG-PoolService-8] 2023-06-13 14:29:26 - Loaded page: Signing a new passport
[INFO] [TestNG-PoolService-8] 2023-06-13 14:29:26 - Applicant Can Sign Passport: [true]
[INFO] [TestNG-PoolService-6] 2023-06-13 14:29:26 - Loaded page: Enter home address
[INFO] [TestNG-PoolService-3] 2023-06-13 14:29:26 - Loaded page: What you need to send
[INFO] [TestNG-PoolService-1] 2023-06-13 14:29:26 - Loaded page: Confirm your identity
[INFO] [TestNG-PoolService-4] 2023-06-13 14:29:26 - Loaded page: Father or parent 2
[INFO] [TestNG-PoolService-5] 2023-06-13 14:29:26 - Loaded page: Paying for your passport
[INFO] [TestNG-PoolService-7] 2023-06-13 14:29:26 - Loaded page: Paying for your passport
[INFO] [TestNG-PoolService-0] 2023-06-13 14:29:27 - Loaded page: Confirm your identity
[INFO] [TestNG-PoolService-1] 2023-06-13 14:29:28 - Loaded page: What you need to send
[INFO] [TestNG-PoolService-3] 2023-06-13 14:29:28 - Loaded page: How should we return your documents?
[INFO] [TestNG-PoolService-5] 2023-06-13 14:29:28 - Loaded page: Declaration
[INFO] [TestNG-PoolService-7] 2023-06-13 14:29:28 - Loaded page: Declaration
[INFO] [TestNG-PoolService-0] 2023-06-13 14:29:28 - Loaded page: What you need to send
[INFO] [TestNG-PoolService-8] 2023-06-13 14:29:28 - Loaded page: Who is the passport for?
[INFO] [TestNG-PoolService-2] 2023-06-13 14:29:28 - Loaded page: Contact details
[INFO] [TestNG-PoolService-9] 2023-06-13 14:29:28 - Loaded page: Get updates
[INFO] [TestNG-PoolService-1] 2023-06-13 14:29:29 - Loaded page: How should we return your documents?
[INFO] [TestNG-PoolService-4] 2023-06-13 14:29:29 - Loaded page: Enter home address
  &amp#27;[32mWhen &amp#27;[0m&amp#27;[32mthey apply for a &amp#27;[0m&amp#27;[32m&amp#27;[1mfirst&amp#27;[0m&amp#27;[32m passport with a &amp#27;[0m&amp#27;[32m&amp#27;[1msuccessful&amp#27;[0m&amp#27;[32m payment&amp#27;[0m                                                                      &amp#27;[90m# step_definitions.specifications.SpecificationsStepDefinitions.theyApplyToRenewTheirPassport(java.lang.String,java.lang.String)&amp#27;[0m
[INFO] [TestNG-PoolService-7] 2023-06-13 14:29:30 - TEST PASSED :)
  &amp#27;[32mWhen &amp#27;[0m&amp#27;[32mthey apply for a &amp#27;[0m&amp#27;[32m&amp#27;[1mfirst&amp#27;[0m&amp#27;[32m passport with a &amp#27;[0m&amp#27;[32m&amp#27;[1msuccessful&amp#27;[0m&amp#27;[32m payment&amp#27;[0m                                                                      &amp#27;[90m# step_definitions.specifications.SpecificationsStepDefinitions.theyApplyToRenewTheirPassport(java.lang.String,java.lang.String)&amp#27;[0m
[INFO] [TestNG-PoolService-5] 2023-06-13 14:29:30 - TEST PASSED :)
[INFO] [TestNG-PoolService-0] 2023-06-13 14:29:30 - Loaded page: How should we return your documents?
[INFO] [TestNG-PoolService-3] 2023-06-13 14:29:30 - Loaded page: Paying for your passport
[INFO] [TestNG-PoolService-8] 2023-06-13 14:29:30 - Loaded page: Check this application
[INFO] [TestNG-PoolService-9] 2023-06-13 14:29:30 - Loaded page: New passport
[INFO] [TestNG-PoolService-1] 2023-06-13 14:29:30 - Loaded page: Paying for your passport
[INFO] [TestNG-PoolService-6] 2023-06-13 14:29:30 - Loaded page: Contact details
]]></system-out>
    <system-err><![CDATA[Jun 13, 2023 2:28:10 PM org.openqa.selenium.remote.tracing.opentelemetry.OpenTelemetryTracer createTracer
INFO: Using OpenTelemetry for tracing
]]></system-err>
  </testcase>
  <testcase name="runParallelScenario[&quot;Simple happy path for adult applications to apply for a first time passport with a paper referee Exception journey6&quot;, &quot;Optional[Customer Journey Transformation Smoke Tests]&quot;](2)" classname="runners.RunSmokeTest" time="80.858"/>
  <testcase name="runParallelScenario[&quot;Simple happy path for adult applications to apply for a first time passport with a paper referee Exception journey4&quot;, &quot;Optional[Customer Journey Transformation Smoke Tests]&quot;](3)" classname="runners.RunSmokeTest" time="83.285">
    <system-out><![CDATA[[INFO] [TestNG-PoolService-3] 2023-06-13 14:29:31 - Loaded page: Declaration
[INFO] [TestNG-PoolService-8] 2023-06-13 14:29:31 - Loaded page: Confirm your identity
[INFO] [TestNG-PoolService-0] 2023-06-13 14:29:31 - Loaded page: Paying for your passport
[INFO] [TestNG-PoolService-1] 2023-06-13 14:29:31 - Loaded page: Declaration
[INFO] [TestNG-PoolService-2] 2023-06-13 14:29:32 - Loaded page: Get updates
  &amp#27;[32mWhen &amp#27;[0m&amp#27;[32mthey apply for a &amp#27;[0m&amp#27;[32m&amp#27;[1mfirst&amp#27;[0m&amp#27;[32m passport with a &amp#27;[0m&amp#27;[32m&amp#27;[1msuccessful&amp#27;[0m&amp#27;[32m payment&amp#27;[0m                                                                      &amp#27;[90m# step_definitions.specifications.SpecificationsStepDefinitions.theyApplyToRenewTheirPassport(java.lang.String,java.lang.String)&amp#27;[0m
[INFO] [TestNG-PoolService-3] 2023-06-13 14:29:32 - TEST PASSED :)
[INFO] [TestNG-PoolService-9] 2023-06-13 14:29:32 - Loaded page: Signing a new passport
[INFO] [TestNG-PoolService-9] 2023-06-13 14:29:32 - Applicant Can Sign Passport: [false]
[INFO] [TestNG-PoolService-0] 2023-06-13 14:29:32 - Loaded page: Declaration
  &amp#27;[32mWhen &amp#27;[0m&amp#27;[32mthey apply for a &amp#27;[0m&amp#27;[32m&amp#27;[1mfirst&amp#27;[0m&amp#27;[32m passport with a &amp#27;[0m&amp#27;[32m&amp#27;[1msuccessful&amp#27;[0m&amp#27;[32m payment&amp#27;[0m                                                                      &amp#27;[90m# step_definitions.specifications.SpecificationsStepDefinitions.theyApplyToRenewTheirPassport(java.lang.String,java.lang.String)&amp#27;[0m
[INFO] [TestNG-PoolService-1] 2023-06-13 14:29:33 - TEST PASSED :)
[INFO] [TestNG-PoolService-8] 2023-06-13 14:29:33 - Loaded page: What you need to send
]]></system-out>
  </testcase>
  <testcase name="runParallelScenario[&quot;Simple happy path for adult applications to apply for a first time passport with a paper referee Exception journey2&quot;, &quot;Optional[Customer Journey Transformation Smoke Tests]&quot;](4)" classname="runners.RunSmokeTest" time="83.802">
    <system-out><![CDATA[[INFO] [TestNG-PoolService-4] 2023-06-13 14:29:33 - Loaded page: Contact details
[INFO] [TestNG-PoolService-2] 2023-06-13 14:29:33 - Loaded page: New passport
[INFO] [TestNG-PoolService-8] 2023-06-13 14:29:34 - Loaded page: How should we return your documents?
]]></system-out>
  </testcase>
  <testcase name="runParallelScenario[&quot;Simple happy path for adult applications to apply for a first time passport with a paper referee Exception journey1&quot;, &quot;Optional[Customer Journey Transformation Smoke Tests]&quot;](5)" classname="runners.RunSmokeTest" time="84.968">
    <system-out><![CDATA[  &amp#27;[32mWhen &amp#27;[0m&amp#27;[32mthey apply for a &amp#27;[0m&amp#27;[32m&amp#27;[1mfirst&amp#27;[0m&amp#27;[32m passport with a &amp#27;[0m&amp#27;[32m&amp#27;[1msuccessful&amp#27;[0m&amp#27;[32m payment&amp#27;[0m                                                                      &amp#27;[90m# step_definitions.specifications.SpecificationsStepDefinitions.theyApplyToRenewTheirPassport(java.lang.String,java.lang.String)&amp#27;[0m
[INFO] [TestNG-PoolService-0] 2023-06-13 14:29:34 - TEST PASSED :)
[INFO] [TestNG-PoolService-6] 2023-06-13 14:29:34 - Loaded page: Get updates
[INFO] [TestNG-PoolService-9] 2023-06-13 14:29:35 - Loaded page: Who is the passport for?
]]></system-out>
  </testcase>
  <testcase name="runParallelScenario[&quot;Simple happy path for adult applications to apply for a first time passport with a paper referee Exception journey9&quot;, &quot;Optional[Customer Journey Transformation Smoke Tests]&quot;](6)" classname="runners.RunSmokeTest" time="89.371">
    <system-out><![CDATA[[INFO] [TestNG-PoolService-8] 2023-06-13 14:29:35 - Loaded page: Paying for your passport
[INFO] [TestNG-PoolService-2] 2023-06-13 14:29:35 - Loaded page: Signing a new passport
[INFO] [TestNG-PoolService-2] 2023-06-13 14:29:35 - Applicant Can Sign Passport: [false]
[INFO] [TestNG-PoolService-6] 2023-06-13 14:29:36 - Loaded page: New passport
[INFO] [TestNG-PoolService-9] 2023-06-13 14:29:36 - Loaded page: Check this application
[INFO] [TestNG-PoolService-4] 2023-06-13 14:29:37 - Loaded page: Get updates
[INFO] [TestNG-PoolService-8] 2023-06-13 14:29:37 - Loaded page: Declaration
[INFO] [TestNG-PoolService-9] 2023-06-13 14:29:38 - Loaded page: Confirm your identity
  &amp#27;[32mWhen &amp#27;[0m&amp#27;[32mthey apply for a &amp#27;[0m&amp#27;[32m&amp#27;[1mfirst&amp#27;[0m&amp#27;[32m passport with a &amp#27;[0m&amp#27;[32m&amp#27;[1msuccessful&amp#27;[0m&amp#27;[32m payment&amp#27;[0m                                                                      &amp#27;[90m# step_definitions.specifications.SpecificationsStepDefinitions.theyApplyToRenewTheirPassport(java.lang.String,java.lang.String)&amp#27;[0m
[INFO] [TestNG-PoolService-8] 2023-06-13 14:29:38 - TEST PASSED :)
[INFO] [TestNG-PoolService-4] 2023-06-13 14:29:38 - Loaded page: New passport
[INFO] [TestNG-PoolService-6] 2023-06-13 14:29:38 - Loaded page: Signing a new passport
[INFO] [TestNG-PoolService-6] 2023-06-13 14:29:38 - Applicant Can Sign Passport: [true]
[INFO] [TestNG-PoolService-2] 2023-06-13 14:29:39 - Loaded page: Who is the passport for?
]]></system-out>
  </testcase>
  <testcase name="runParallelScenario[&quot;Simple happy path for adult applications to apply for a first time passport with a paper referee Exception journey10&quot;, &quot;Optional[Customer Journey Transformation Smoke Tests]&quot;](7)" classname="runners.RunSmokeTest" time="98.168">
    <system-out><![CDATA[[INFO] [TestNG-PoolService-9] 2023-06-13 14:29:39 - Loaded page: What you need to send
[INFO] [TestNG-PoolService-4] 2023-06-13 14:29:40 - Loaded page: Signing a new passport
[INFO] [TestNG-PoolService-4] 2023-06-13 14:29:40 - Applicant Can Sign Passport: [false]
[INFO] [TestNG-PoolService-2] 2023-06-13 14:29:41 - Loaded page: Check this application
[INFO] [TestNG-PoolService-6] 2023-06-13 14:29:41 - Loaded page: Who is the passport for?
[INFO] [TestNG-PoolService-9] 2023-06-13 14:29:42 - Loaded page: How should we return your documents?
[INFO] [TestNG-PoolService-2] 2023-06-13 14:29:43 - Loaded page: Confirm your identity
[INFO] [TestNG-PoolService-4] 2023-06-13 14:29:43 - Loaded page: Who is the passport for?
[INFO] [TestNG-PoolService-6] 2023-06-13 14:29:44 - Loaded page: Check this application
[INFO] [TestNG-PoolService-9] 2023-06-13 14:29:44 - Loaded page: Paying for your passport
[INFO] [TestNG-PoolService-2] 2023-06-13 14:29:44 - Loaded page: What you need to send
[INFO] [TestNG-PoolService-4] 2023-06-13 14:29:45 - Loaded page: Check this application
[INFO] [TestNG-PoolService-6] 2023-06-13 14:29:45 - Loaded page: Confirm your identity
[INFO] [TestNG-PoolService-2] 2023-06-13 14:29:45 - Loaded page: How should we return your documents?
[INFO] [TestNG-PoolService-9] 2023-06-13 14:29:46 - Loaded page: Declaration
[INFO] [TestNG-PoolService-4] 2023-06-13 14:29:46 - Loaded page: Confirm your identity
[INFO] [TestNG-PoolService-6] 2023-06-13 14:29:46 - Loaded page: What you need to send
  &amp#27;[32mWhen &amp#27;[0m&amp#27;[32mthey apply for a &amp#27;[0m&amp#27;[32m&amp#27;[1mfirst&amp#27;[0m&amp#27;[32m passport with a &amp#27;[0m&amp#27;[32m&amp#27;[1msuccessful&amp#27;[0m&amp#27;[32m payment&amp#27;[0m                                                                       &amp#27;[90m# step_definitions.specifications.SpecificationsStepDefinitions.theyApplyToRenewTheirPassport(java.lang.String,java.lang.String)&amp#27;[0m
[INFO] [TestNG-PoolService-9] 2023-06-13 14:29:47 - TEST PASSED :)
[INFO] [TestNG-PoolService-4] 2023-06-13 14:29:47 - Loaded page: What you need to send
[INFO] [TestNG-PoolService-2] 2023-06-13 14:29:47 - Loaded page: Paying for your passport
]]></system-out>
  </testcase>
  <testcase name="runParallelScenario[&quot;Simple happy path for adult applications to apply for a first time passport with a paper referee Exception journey3&quot;, &quot;Optional[Customer Journey Transformation Smoke Tests]&quot;](8)" classname="runners.RunSmokeTest" time="101.856">
    <system-out><![CDATA[[INFO] [TestNG-PoolService-6] 2023-06-13 14:29:48 - Loaded page: How should we return your documents?
[INFO] [TestNG-PoolService-4] 2023-06-13 14:29:49 - Loaded page: How should we return your documents?
[INFO] [TestNG-PoolService-2] 2023-06-13 14:29:49 - Loaded page: Declaration
[INFO] [TestNG-PoolService-6] 2023-06-13 14:29:50 - Loaded page: Paying for your passport
  &amp#27;[32mWhen &amp#27;[0m&amp#27;[32mthey apply for a &amp#27;[0m&amp#27;[32m&amp#27;[1mfirst&amp#27;[0m&amp#27;[32m passport with a &amp#27;[0m&amp#27;[32m&amp#27;[1msuccessful&amp#27;[0m&amp#27;[32m payment&amp#27;[0m                                                                      &amp#27;[90m# step_definitions.specifications.SpecificationsStepDefinitions.theyApplyToRenewTheirPassport(java.lang.String,java.lang.String)&amp#27;[0m
[INFO] [TestNG-PoolService-2] 2023-06-13 14:29:51 - TEST PASSED :)
[INFO] [TestNG-PoolService-4] 2023-06-13 14:29:51 - Loaded page: Paying for your passport
[INFO] [TestNG-PoolService-6] 2023-06-13 14:29:51 - Loaded page: Declaration
]]></system-out>
  </testcase>
  <testcase name="runParallelScenario[&quot;Simple happy path for adult applications to apply for a first time passport with a paper referee Exception journey7&quot;, &quot;Optional[Customer Journey Transformation Smoke Tests]&quot;](9)" classname="runners.RunSmokeTest" time="104.057">
    <system-out><![CDATA[[INFO] [TestNG-PoolService-4] 2023-06-13 14:29:52 - Loaded page: Declaration
  &amp#27;[32mWhen &amp#27;[0m&amp#27;[32mthey apply for a &amp#27;[0m&amp#27;[32m&amp#27;[1mfirst&amp#27;[0m&amp#27;[32m passport with a &amp#27;[0m&amp#27;[32m&amp#27;[1msuccessful&amp#27;[0m&amp#27;[32m payment&amp#27;[0m                                                                      &amp#27;[90m# step_definitions.specifications.SpecificationsStepDefinitions.theyApplyToRenewTheirPassport(java.lang.String,java.lang.String)&amp#27;[0m
[INFO] [TestNG-PoolService-6] 2023-06-13 14:29:53 - TEST PASSED :)
  &amp#27;[32mWhen &amp#27;[0m&amp#27;[32mthey apply for a &amp#27;[0m&amp#27;[32m&amp#27;[1mfirst&amp#27;[0m&amp#27;[32m passport with a &amp#27;[0m&amp#27;[32m&amp#27;[1msuccessful&amp#27;[0m&amp#27;[32m payment&amp#27;[0m                                                                      &amp#27;[90m# step_definitions.specifications.SpecificationsStepDefinitions.theyApplyToRenewTheirPassport(java.lang.String,java.lang.String)&amp#27;[0m
[INFO] [TestNG-PoolService-4] 2023-06-13 14:29:54 - TEST PASSED :)
]]></system-out>
  </testcase>
  <testcase name="runParallelScenario[&quot;Simple happy path for adult applications to apply for a first time passport with a paper referee Exception journey5&quot;, &quot;Optional[Customer Journey Transformation Smoke Tests]&quot;](10)" classname="runners.RunSmokeTest" time="105.18"/>
</testsuite>