<?xml version="1.0" encoding="UTF-8"?>
<testsuite xmlns:xsi="http://www.w3.org/2001/XMLSchema-instance" xsi:noNamespaceSchemaLocation="https://maven.apache.org/surefire/maven-surefire-plugin/xsd/surefire-test-report-3.0.xsd" version="3.0" name="TestSuite" time="29.27" tests="1" errors="0" skipped="0" failures="0">
  <properties>
[...]
</properties>
  <testcase name="runParallelScenario[&quot;Simple happy path for adult UK applications to apply for a first time passport&quot;, &quot;Optional[Apply for a First time UK Passport]&quot;](1)" classname="runners.RunSmokeTest" time="27.578">
    <system-out><![CDATA[[WARN] [TestNG-tests-1] 2023-08-25 12:15:27 - The test method 'io.cucumber.testng.AbstractTestNGCucumberTests.runScenario' will be skipped since its data provider 'scenarios' returned an empty array or iterator. 

@SMK1 @smoke
Scenario: Simple happy path for adult UK applications to apply for a first time passport &amp#27;[90m# src/test/resources/features/smoke_tests.feature:6&amp#27;[0m
[INFO] [TestNG-PoolService-0] 2023-08-25 12:15:28 - Driver needs to be created, creating one...
[INFO] [TestNG-PoolService-0] 2023-08-25 12:15:28 - Browser type: ChromeLocal has been set in the Driver Factory on thread TestNG-PoolService-0
[INFO] [TestNG-PoolService-0] 2023-08-25 12:15:28 - Using chromedriver 116.0.5845.96 (resolved driver for Chrome 116)
[INFO] [TestNG-PoolService-0] 2023-08-25 12:15:28 - Exporting webdriver.chrome.driver as /Users/patrickf/.cache/selenium/chromedriver/mac64/116.0.5845.96/chromedriver
[INFO] [TestNG-PoolService-0] 2023-08-25 12:15:31 - Applicant Date of Birth: 1945-08-25
[INFO] [TestNG-PoolService-0] 2023-08-25 12:15:31 - Adult Applicant Title Type: [Ms]
[INFO] [TestNG-PoolService-0] 2023-08-25 12:15:31 - Applicant Gender: M
[INFO] [TestNG-PoolService-0] 2023-08-25 12:15:31 - Applicant Name Change Reason Type: [Marriage]
[INFO] [TestNG-PoolService-0] 2023-08-25 12:15:31 - INVALID EMAIL ID: [pex24@virgin.netuqi]
[INFO] [TestNG-PoolService-0] 2023-08-25 12:15:31 - Applicant Delivery Type: Standard
[INFO] [TestNG-PoolService-0] 2023-08-25 12:15:31 - APPLICANT DESIRES EMAIL UPDATES: [yes]
[INFO] [TestNG-PoolService-0] 2023-08-25 12:15:31 - APPLICANT DESIRES TEXT UPDATES: [no]
[INFO] [TestNG-PoolService-0] 2023-08-25 12:15:31 - Applicant Date of Birth: 1986-08-25
[INFO] [TestNG-PoolService-0] 2023-08-25 12:15:31 - Applicant Date of Birth: 1979-08-25
[INFO] [TestNG-PoolService-0] 2023-08-25 12:15:31 - Applicant Date of Birth: 1984-08-25
[INFO] [TestNG-PoolService-0] 2023-08-25 12:15:31 - Applicant Date of Birth: 1900-09-02
[INFO] [TestNG-PoolService-0] 2023-08-25 12:15:31 - Applicant Date of Birth: 1909-09-02
[INFO] [TestNG-PoolService-0] 2023-08-25 12:15:31 - Applicant Date of Birth: 1902-09-02
[INFO] [TestNG-PoolService-0] 2023-08-25 12:15:31 - Applicant Date of Birth: 1929-09-02
[INFO] [TestNG-PoolService-0] 2023-08-25 12:15:31 - Applicant existing passport issue date: [2013-11-25]
[INFO] [TestNG-PoolService-0] 2023-08-25 12:15:31 - Applicant existing passport expiry date: [2023-11-25]
[INFO] [TestNG-PoolService-0] 2023-08-25 12:15:31 - existingPassportNumber PASSPORT NUMBER: 384468823
[INFO] [TestNG-PoolService-0] 2023-08-25 12:15:31 - parentOnePassportNumber PASSPORT NUMBER: 339750029
[INFO] [TestNG-PoolService-0] 2023-08-25 12:15:31 - parentTwoPassportNumber PASSPORT NUMBER: 348233305
  &amp#27;[32mGiven &amp#27;[0m&amp#27;[32man applicant of type &amp#27;[0m&amp#27;[32m&amp#27;[1madult United Kingdom first time&amp#27;[0m                             &amp#27;[90m# step_definitions.SpecificationsStepDefinitions.anApplicant(java.lang.String)&amp#27;[0m
[INFO] [TestNG-PoolService-0] 2023-08-25 12:15:32 - Loaded page: Apply online for a UK passport
[INFO] [TestNG-PoolService-0] 2023-08-25 12:15:33 - Loaded page: Date of birth
[INFO] [TestNG-PoolService-0] 2023-08-25 12:15:34 - Loaded page: Have you had a UK passport before?
[INFO] [TestNG-PoolService-0] 2023-08-25 12:15:34 - Loaded page: How to apply
[INFO] [TestNG-PoolService-0] 2023-08-25 12:15:34 - Loaded page: How to get a digital passport photo
[INFO] [TestNG-PoolService-0] 2023-08-25 12:15:40 - Loaded page: How to take a digital passport photo
[INFO] [TestNG-PoolService-0] 2023-08-25 12:15:40 - Loaded page: Upload your photo
[INFO] [TestNG-PoolService-0] 2023-08-25 12:15:40 - PHOTO UPLOAD NAME: [photo-passport-example-1-1.jpg], PHOTO UPLOAD TYPE: [Photo Upload]
[INFO] [TestNG-PoolService-0] 2023-08-25 12:15:41 - Loaded page: Do you want to submit this photo?
[INFO] [TestNG-PoolService-0] 2023-08-25 12:15:41 - Loaded page: Do you have any passports from other countries?
[INFO] [TestNG-PoolService-0] 2023-08-25 12:15:42 - Loaded page: Do you have a naturalisation or registration certificate?
[INFO] [TestNG-PoolService-0] 2023-08-25 12:15:42 - Loaded page: Apply for a first UK passport
[INFO] [TestNG-PoolService-0] 2023-08-25 12:15:43 - Loaded page: What you’ll need
[INFO] [TestNG-PoolService-0] 2023-08-25 12:15:43 - Loaded page: New passport details
[INFO] [TestNG-PoolService-0] 2023-08-25 12:15:44 - Loaded page: How did you change your name?
[INFO] [TestNG-PoolService-0] 2023-08-25 12:15:44 - Loaded page: Previous names
[INFO] [TestNG-PoolService-0] 2023-08-25 12:15:45 - Loaded page: Gender
[INFO] [TestNG-PoolService-0] 2023-08-25 12:15:45 - Loaded page: Were you born in the UK?
[INFO] [TestNG-PoolService-0] 2023-08-25 12:15:46 - Loaded page: Naturalisation or registration details
[INFO] [TestNG-PoolService-0] 2023-08-25 12:15:46 - Loaded page: Family details
[INFO] [TestNG-PoolService-0] 2023-08-25 12:15:47 - Loaded page: Parents’ details
[INFO] [TestNG-PoolService-0] 2023-08-25 12:15:47 - Filled Parent one's first name, last name and date of birth
[INFO] [TestNG-PoolService-0] 2023-08-25 12:15:47 - Filled Parent two's first name, last name and date of birth
[INFO] [TestNG-PoolService-0] 2023-08-25 12:15:48 - Loaded page: Mother or parent 1
[INFO] [TestNG-PoolService-0] 2023-08-25 12:15:49 - Loaded page: Father or parent 2
[INFO] [TestNG-PoolService-0] 2023-08-25 12:15:49 - Loaded page: Enter home address
[INFO] [TestNG-PoolService-0] 2023-08-25 12:15:50 - Loaded page: Contact details
[INFO] [TestNG-PoolService-0] 2023-08-25 12:15:51 - Loaded page: Get updates
[INFO] [TestNG-PoolService-0] 2023-08-25 12:15:51 - Loaded page: New passport
[INFO] [TestNG-PoolService-0] 2023-08-25 12:15:51 - Loaded page: Signing a new passport
[INFO] [TestNG-PoolService-0] 2023-08-25 12:15:51 - Applicant Can Sign Passport: [true]
[INFO] [TestNG-PoolService-0] 2023-08-25 12:15:52 - Loaded page: Who is the passport for?
[INFO] [TestNG-PoolService-0] 2023-08-25 12:15:52 - Loaded page: Check this application
[INFO] [TestNG-PoolService-0] 2023-08-25 12:15:53 - Loaded page: Confirm your identity
[INFO] [TestNG-PoolService-0] 2023-08-25 12:15:53 - Loaded page: What you need to send
[INFO] [TestNG-PoolService-0] 2023-08-25 12:15:53 - Loaded page: How should we return your documents?
[INFO] [TestNG-PoolService-0] 2023-08-25 12:15:54 - Loaded page: Paying for your passport
[INFO] [TestNG-PoolService-0] 2023-08-25 12:15:54 - Loaded page: Declaration
  &amp#27;[32mWhen &amp#27;[0m&amp#27;[32mthey apply for a first time passport with a successful payment&amp#27;[0m                    &amp#27;[90m# step_definitions.SpecificationsStepDefinitions.theyApplyToRenewTheirPassport()&amp#27;[0m
  &amp#27;[32mThen &amp#27;[0m&amp#27;[32mthe application status will be: &amp#27;[0m&amp#27;[32m&amp#27;[1msubmitted&amp#27;[0m                                         &amp#27;[90m# step_definitions.SpecificationsStepDefinitions.theApplicationWillBe(java.lang.String)&amp#27;[0m
[INFO] [TestNG-PoolService-0] 2023-08-25 12:15:55 - TEST PASSED :)
]]></system-out>
    <system-err><![CDATA[Aug 25, 2023 12:15:31 PM org.openqa.selenium.devtools.CdpVersionFinder findNearestMatch
WARNING: Unable to find an exact match for CDP version 116, so returning the closest version found: 115
]]></system-err>
  </testcase>
</testsuite>