<?xml version="1.0" encoding="UTF-8"?>
<testng-results ignored="0" total="1" passed="1" failed="0" skipped="0">
  <reporter-output>
  </reporter-output>
  <suite started-at="2023-08-25T12:15:27 BST" name="Smoke Test Suite" finished-at="2023-08-25T12:15:55 BST" duration-ms="27649">
    <groups>
      <group name="cucumber serial">
        <method signature="BaseRunner.runSerialScenario(io.cucumber.testng.PickleWrapper,io.cucumber.testng.FeatureWrapper)[pri:0, instance:runners.RunSmokeTest@7f132176]" name="runSerialScenario" class="runners.BaseRunner"/>
      </group> <!-- cucumber serial -->
      <group name="cucumber">
        <method signature="AbstractTestNGCucumberTests.runScenario(io.cucumber.testng.PickleWrapper,io.cucumber.testng.FeatureWrapper)[pri:0, instance:runners.RunSmokeTest@7f132176]" name="runScenario" class="io.cucumber.testng.AbstractTestNGCucumberTests"/>
      </group> <!-- cucumber -->
      <group name="cucumber parallel">
        <method signature="BaseRunner.runParallelScenario(io.cucumber.testng.PickleWrapper,io.cucumber.testng.FeatureWrapper)[pri:0, instance:runners.RunSmokeTest@7f132176]" name="runParallelScenario" class="runners.BaseRunner"/>
      </group> <!-- cucumber parallel -->
    </groups>
    <test started-at="2023-08-25T12:15:27 BST" name="Smoke Tests" finished-at="2023-08-25T12:15:55 BST" duration-ms="27649">
      <class name="runners.RunSmokeTest">
        <test-method is-config="true" signature="setUpClass()[pri:0, instance:runners.RunSmokeTest@7f132176]" started-at="2023-08-25T12:15:26 BST" name="setUpClass" finished-at="2023-08-25T12:15:27 BST" duration-ms="702" status="PASS">
          <reporter-output>
          </reporter-output>
        </test-method> <!-- setUpClass -->
        <test-method signature="runParallelScenario(io.cucumber.testng.PickleWrapper,io.cucumber.testng.FeatureWrapper)[pri:0, instance:runners.RunSmokeTest@7f132176]" started-at="2023-08-25T12:15:27 BST" name="runParallelScenario" description="Runs Parallel enabled Scenarios" data-provider="parallelScenarios" finished-at="2023-08-25T12:15:55 BST" duration-ms="27581" status="PASS">
          <params>
            <param index="0">
              <value>
                <![CDATA["Simple happy path for adult UK applications to apply for a first time passport"]]>
              </value>
            </param>
            <param index="1">
              <value>
                <![CDATA["Optional[Apply for a First time UK Passport]"]]>
              </value>
            </param>
          </params>
          <reporter-output>
          </reporter-output>
        </test-method> <!-- runParallelScenario -->
        <test-method is-config="true" signature="tearDownClass()[pri:0, instance:runners.RunSmokeTest@7f132176]" started-at="2023-08-25T12:15:55 BST" name="tearDownClass" finished-at="2023-08-25T12:15:55 BST" duration-ms="31" status="PASS">
          <reporter-output>
          </reporter-output>
        </test-method> <!-- tearDownClass -->
      </class> <!-- runners.RunSmokeTest -->
    </test> <!-- Smoke Tests -->
  </suite> <!-- Smoke Test Suite -->
</testng-results>
